[INFO ] 2023-12-07 17:15:59.830 [main] LogTest - Infoormantion
[ERROR] 2023-12-07 17:15:59.837 [main] LogTest - Error
[WARN ] 2023-12-07 17:15:59.837 [main] LogTest - warning
[FATAL] 2023-12-07 17:15:59.837 [main] LogTest - Fatal
[INFO ] 2023-12-07 17:17:01.855 [main] LogTest - Infoormantion
[ERROR] 2023-12-07 17:17:01.861 [main] LogTest - Error
[WARN ] 2023-12-07 17:17:01.862 [main] LogTest - warning
[FATAL] 2023-12-07 17:17:01.862 [main] LogTest - Fatal
[INFO ] 2023-12-07 17:18:12.018 [main] LogTest - Infoormantion
[ERROR] 2023-12-07 17:18:12.024 [main] LogTest - Error
[WARN ] 2023-12-07 17:18:12.024 [main] LogTest - warning
[FATAL] 2023-12-07 17:18:12.024 [main] LogTest - Fatal
[TRACE] 2023-12-07 17:20:04.127 [main] LogTest - trace msg
[INFO ] 2023-12-07 17:20:04.135 [main] LogTest - Infoormantion
[ERROR] 2023-12-07 17:20:04.135 [main] LogTest - Error
[WARN ] 2023-12-07 17:20:04.135 [main] LogTest - warning
[FATAL] 2023-12-07 17:20:04.135 [main] LogTest - Fatal
[TRACE] 2023-12-07 17:20:43.928 [main] LogTest - trace msg
[INFO ] 2023-12-07 17:20:43.936 [main] LogTest - Infoormantion
[ERROR] 2023-12-07 17:20:43.938 [main] LogTest - Error
[WARN ] 2023-12-07 17:20:43.941 [main] LogTest - warning
[FATAL] 2023-12-07 17:20:43.942 [main] LogTest - Fatal
[TRACE] 2023-12-07 17:20:52.907 [main] LogTest - trace msg
[INFO ] 2023-12-07 17:20:52.914 [main] LogTest - Infoormantion
[ERROR] 2023-12-07 17:20:52.914 [main] LogTest - Error
[WARN ] 2023-12-07 17:20:52.914 [main] LogTest - warning
[FATAL] 2023-12-07 17:20:52.915 [main] LogTest - Fatal
[TRACE] 2023-12-07 17:23:19.551 [main] LogTest - trace msg
[INFO ] 2023-12-07 17:23:19.559 [main] LogTest - Infoormantion
[ERROR] 2023-12-07 17:23:19.559 [main] LogTest - Error
[WARN ] 2023-12-07 17:23:19.560 [main] LogTest - warning
[FATAL] 2023-12-07 17:23:19.560 [main] LogTest - Fatal
[TRACE] 2023-12-07 17:23:20.875 [main] LogTest - trace msg
[INFO ] 2023-12-07 17:23:20.882 [main] LogTest - Infoormantion
[ERROR] 2023-12-07 17:23:20.883 [main] LogTest - Error
[WARN ] 2023-12-07 17:23:20.883 [main] LogTest - warning
[FATAL] 2023-12-07 17:23:20.883 [main] LogTest - Fatal
[INFO ] 2023-12-07 17:25:00.603 [main] LogTest - Infoormantion
[INFO ] 2023-12-07 17:25:00.603 [main] LogTest - Infoormantion
[ERROR] 2023-12-07 17:25:00.609 [main] LogTest - Error
[ERROR] 2023-12-07 17:25:00.609 [main] LogTest - Error
[WARN ] 2023-12-07 17:25:00.609 [main] LogTest - warning
[WARN ] 2023-12-07 17:25:00.609 [main] LogTest - warning
[FATAL] 2023-12-07 17:25:00.609 [main] LogTest - Fatal
[FATAL] 2023-12-07 17:25:00.609 [main] LogTest - Fatal
[INFO ] 2023-12-07 17:26:04.840 [main] LogTest - Infoormantion
[ERROR] 2023-12-07 17:26:04.846 [main] LogTest - Error
[WARN ] 2023-12-07 17:26:04.846 [main] LogTest - warning
[FATAL] 2023-12-07 17:26:04.846 [main] LogTest - Fatal
[DEBUG] 2023-12-07 21:52:17.408 [main] PackageRelationshipCollection - Parsing relationship: /xl/_rels/workbook.xml.rels
[DEBUG] 2023-12-07 21:52:17.430 [main] PackageRelationshipCollection - Parsing relationship: /_rels/.rels
[TRACE] 2023-12-07 21:52:17.774 [main] XBeanDebug - Loading type system org.apache.poi.schemas.ooxml.system.ooxml
[TRACE] 2023-12-07 21:52:17.777 [main] XBeanDebug - Loading type system org.apache.xmlbeans.metadata.system.sXMLCONFIG
[TRACE] 2023-12-07 21:52:17.779 [main] XBeanDebug - Loading type system org.apache.xmlbeans.metadata.system.sXMLLANG
[TRACE] 2023-12-07 21:52:17.780 [main] XBeanDebug - Loading type system org.apache.xmlbeans.metadata.system.sXMLSCHEMA
[TRACE] 2023-12-07 21:52:17.780 [main] XBeanDebug - Loading type system org.apache.xmlbeans.metadata.system.sXMLTOOLS
[TRACE] 2023-12-07 21:52:17.782 [main] XBeanDebug - Reading unresolved handles for type system org.apache.xmlbeans.metadata.system.sXMLTOOLS
[TRACE] 2023-12-07 21:52:17.801 [main] XBeanDebug - Finished loading type system org.apache.xmlbeans.metadata.system.sXMLTOOLS
[TRACE] 2023-12-07 21:52:17.802 [main] XBeanDebug - Reading unresolved handles for type system org.apache.xmlbeans.metadata.system.sXMLSCHEMA
[TRACE] 2023-12-07 21:52:17.814 [main] XBeanDebug - Finished loading type system org.apache.xmlbeans.metadata.system.sXMLSCHEMA
[TRACE] 2023-12-07 21:52:17.815 [main] XBeanDebug - Reading unresolved handles for type system org.apache.xmlbeans.metadata.system.sXMLLANG
[TRACE] 2023-12-07 21:52:17.817 [main] XBeanDebug - Finished loading type system org.apache.xmlbeans.metadata.system.sXMLLANG
[TRACE] 2023-12-07 21:52:17.819 [main] XBeanDebug - Reading unresolved handles for type system org.apache.xmlbeans.metadata.system.sXMLCONFIG
[TRACE] 2023-12-07 21:52:17.823 [main] XBeanDebug - Finished loading type system org.apache.xmlbeans.metadata.system.sXMLCONFIG
[TRACE] 2023-12-07 21:52:17.824 [main] XBeanDebug - Reading unresolved handles for type system org.apache.poi.schemas.ooxml.system.ooxml
[TRACE] 2023-12-07 21:52:17.933 [main] XBeanDebug - Finished loading type system org.apache.poi.schemas.ooxml.system.ooxml
[TRACE] 2023-12-07 21:52:17.935 [main] XBeanDebug - Resolving type for handle themefd26doctype
[TRACE] 2023-12-07 21:52:18.024 [main] XBeanDebug - Resolving type for handle stylesheet5d8bdoctype
[TRACE] 2023-12-07 21:52:18.055 [main] XBeanDebug - Resolving type for handle ctstylesheet4257type
[TRACE] 2023-12-07 21:52:18.065 [main] XBeanDebug - Resolving type for handle ctnumfmtsb58btype
[TRACE] 2023-12-07 21:52:18.070 [main] XBeanDebug - Resolving type for handle ctnumfmt3870type
[TRACE] 2023-12-07 21:52:18.073 [main] XBeanDebug - Resolving type for handle stnumfmtid76fbtype
[TRACE] 2023-12-07 21:52:18.084 [main] XBeanDebug - Resolving type for handle stxstringf179type
[TRACE] 2023-12-07 21:52:18.089 [main] XBeanDebug - Resolving type for handle ctfonts6623type
[TRACE] 2023-12-07 21:52:18.093 [main] XBeanDebug - Resolving type for handle ctfont14d8type
[TRACE] 2023-12-07 21:52:18.102 [main] XBeanDebug - Resolving type for handle ctfills2c6ftype
[TRACE] 2023-12-07 21:52:18.107 [main] XBeanDebug - Resolving type for handle ctfill550ctype
[TRACE] 2023-12-07 21:52:18.112 [main] XBeanDebug - Resolving type for handle ctborders0d66type
[TRACE] 2023-12-07 21:52:18.115 [main] XBeanDebug - Resolving type for handle ctborderf935type
[TRACE] 2023-12-07 21:52:18.120 [main] XBeanDebug - Resolving type for handle ctcellxfs1322type
[TRACE] 2023-12-07 21:52:18.124 [main] XBeanDebug - Resolving type for handle ctxf97f7type
[TRACE] 2023-12-07 21:52:18.129 [main] XBeanDebug - Resolving type for handle ctcellstylexfsa81ftype
[TRACE] 2023-12-07 21:52:18.133 [main] XBeanDebug - Resolving type for handle cttablestyles872ftype
[TRACE] 2023-12-07 21:52:18.138 [main] XBeanDebug - Resolving type for handle sstf81fdoctype
[TRACE] 2023-12-07 21:52:18.146 [main] XBeanDebug - Resolving type for handle ctsst44f3type
[TRACE] 2023-12-07 21:52:18.152 [main] XBeanDebug - Resolving type for handle ctrsta472type
[TRACE] 2023-12-07 21:52:18.171 [main] XBeanDebug - Resolving type for handle workbookec17doctype
[TRACE] 2023-12-07 21:52:18.179 [main] XBeanDebug - Resolving type for handle ctworkbook83c3type
[TRACE] 2023-12-07 21:52:18.185 [main] XBeanDebug - Resolving type for handle ctsheets49fdtype
[TRACE] 2023-12-07 21:52:18.188 [main] XBeanDebug - Resolving type for handle ctsheet4dbetype
[TRACE] 2023-12-07 21:52:18.191 [main] XBeanDebug - Resolving type for handle strelationshipid1e94type
[TRACE] 2023-12-07 21:52:18.194 [main] XBeanDebug - Resolving type for handle worksheetf539doctype
[TRACE] 2023-12-07 21:52:18.240 [main] XBeanDebug - Resolving type for handle ctworksheet530dtype
[TRACE] 2023-12-07 21:52:18.257 [main] XBeanDebug - Resolving type for handle ctcols627ctype
[TRACE] 2023-12-07 21:52:18.269 [main] XBeanDebug - Resolving type for handle ctcola95ftype
[TRACE] 2023-12-07 21:52:18.296 [main] XBeanDebug - Resolving type for handle ctsheetdata8408type
[TRACE] 2023-12-07 21:52:18.301 [main] XBeanDebug - Resolving type for handle ctrowdd39type
[TRACE] 2023-12-07 21:52:18.312 [main] XBeanDebug - Resolving type for handle ctcell842btype
[TRACE] 2023-12-07 21:52:18.327 [main] XBeanDebug - Resolving type for handle stcellrefe4e0type
[TRACE] 2023-12-07 21:52:18.451 [main] XBeanDebug - Resolving type for handle ctdefinednamesce48type
[TRACE] 2023-12-07 21:52:18.457 [main] XBeanDebug - Resolving type for handle ctdefinedname9413type
[DEBUG] 2023-12-07 22:02:27.562 [main] PackageRelationshipCollection - Parsing relationship: /xl/_rels/workbook.xml.rels
[DEBUG] 2023-12-07 22:02:27.572 [main] PackageRelationshipCollection - Parsing relationship: /_rels/.rels
[TRACE] 2023-12-07 22:02:27.878 [main] XBeanDebug - Loading type system org.apache.poi.schemas.ooxml.system.ooxml
[TRACE] 2023-12-07 22:02:27.882 [main] XBeanDebug - Loading type system org.apache.xmlbeans.metadata.system.sXMLCONFIG
[TRACE] 2023-12-07 22:02:27.884 [main] XBeanDebug - Loading type system org.apache.xmlbeans.metadata.system.sXMLLANG
[TRACE] 2023-12-07 22:02:27.885 [main] XBeanDebug - Loading type system org.apache.xmlbeans.metadata.system.sXMLSCHEMA
[TRACE] 2023-12-07 22:02:27.887 [main] XBeanDebug - Loading type system org.apache.xmlbeans.metadata.system.sXMLTOOLS
[TRACE] 2023-12-07 22:02:27.888 [main] XBeanDebug - Reading unresolved handles for type system org.apache.xmlbeans.metadata.system.sXMLTOOLS
[TRACE] 2023-12-07 22:02:27.916 [main] XBeanDebug - Finished loading type system org.apache.xmlbeans.metadata.system.sXMLTOOLS
[TRACE] 2023-12-07 22:02:27.918 [main] XBeanDebug - Reading unresolved handles for type system org.apache.xmlbeans.metadata.system.sXMLSCHEMA
[TRACE] 2023-12-07 22:02:27.942 [main] XBeanDebug - Finished loading type system org.apache.xmlbeans.metadata.system.sXMLSCHEMA
[TRACE] 2023-12-07 22:02:27.944 [main] XBeanDebug - Reading unresolved handles for type system org.apache.xmlbeans.metadata.system.sXMLLANG
[TRACE] 2023-12-07 22:02:27.945 [main] XBeanDebug - Finished loading type system org.apache.xmlbeans.metadata.system.sXMLLANG
[TRACE] 2023-12-07 22:02:27.947 [main] XBeanDebug - Reading unresolved handles for type system org.apache.xmlbeans.metadata.system.sXMLCONFIG
[TRACE] 2023-12-07 22:02:27.949 [main] XBeanDebug - Finished loading type system org.apache.xmlbeans.metadata.system.sXMLCONFIG
[TRACE] 2023-12-07 22:02:27.951 [main] XBeanDebug - Reading unresolved handles for type system org.apache.poi.schemas.ooxml.system.ooxml
[TRACE] 2023-12-07 22:02:28.058 [main] XBeanDebug - Finished loading type system org.apache.poi.schemas.ooxml.system.ooxml
[TRACE] 2023-12-07 22:02:28.061 [main] XBeanDebug - Resolving type for handle themefd26doctype
[TRACE] 2023-12-07 22:02:28.172 [main] XBeanDebug - Resolving type for handle stylesheet5d8bdoctype
[TRACE] 2023-12-07 22:02:28.205 [main] XBeanDebug - Resolving type for handle ctstylesheet4257type
[TRACE] 2023-12-07 22:02:28.212 [main] XBeanDebug - Resolving type for handle ctnumfmtsb58btype
[TRACE] 2023-12-07 22:02:28.219 [main] XBeanDebug - Resolving type for handle ctnumfmt3870type
[TRACE] 2023-12-07 22:02:28.222 [main] XBeanDebug - Resolving type for handle stnumfmtid76fbtype
[TRACE] 2023-12-07 22:02:28.232 [main] XBeanDebug - Resolving type for handle stxstringf179type
[TRACE] 2023-12-07 22:02:28.235 [main] XBeanDebug - Resolving type for handle ctfonts6623type
[TRACE] 2023-12-07 22:02:28.239 [main] XBeanDebug - Resolving type for handle ctfont14d8type
[TRACE] 2023-12-07 22:02:28.248 [main] XBeanDebug - Resolving type for handle ctfills2c6ftype
[TRACE] 2023-12-07 22:02:28.252 [main] XBeanDebug - Resolving type for handle ctfill550ctype
[TRACE] 2023-12-07 22:02:28.255 [main] XBeanDebug - Resolving type for handle ctborders0d66type
[TRACE] 2023-12-07 22:02:28.259 [main] XBeanDebug - Resolving type for handle ctborderf935type
[TRACE] 2023-12-07 22:02:28.263 [main] XBeanDebug - Resolving type for handle ctcellxfs1322type
[TRACE] 2023-12-07 22:02:28.269 [main] XBeanDebug - Resolving type for handle ctxf97f7type
[TRACE] 2023-12-07 22:02:28.276 [main] XBeanDebug - Resolving type for handle ctcellstylexfsa81ftype
[TRACE] 2023-12-07 22:02:28.280 [main] XBeanDebug - Resolving type for handle cttablestyles872ftype
[TRACE] 2023-12-07 22:02:28.285 [main] XBeanDebug - Resolving type for handle sstf81fdoctype
[TRACE] 2023-12-07 22:02:28.293 [main] XBeanDebug - Resolving type for handle ctsst44f3type
[TRACE] 2023-12-07 22:02:28.300 [main] XBeanDebug - Resolving type for handle ctrsta472type
[TRACE] 2023-12-07 22:02:28.320 [main] XBeanDebug - Resolving type for handle workbookec17doctype
[TRACE] 2023-12-07 22:02:28.327 [main] XBeanDebug - Resolving type for handle ctworkbook83c3type
[TRACE] 2023-12-07 22:02:28.333 [main] XBeanDebug - Resolving type for handle ctsheets49fdtype
[TRACE] 2023-12-07 22:02:28.336 [main] XBeanDebug - Resolving type for handle ctsheet4dbetype
[TRACE] 2023-12-07 22:02:28.338 [main] XBeanDebug - Resolving type for handle strelationshipid1e94type
[TRACE] 2023-12-07 22:02:28.341 [main] XBeanDebug - Resolving type for handle worksheetf539doctype
[TRACE] 2023-12-07 22:02:28.385 [main] XBeanDebug - Resolving type for handle ctworksheet530dtype
[TRACE] 2023-12-07 22:02:28.403 [main] XBeanDebug - Resolving type for handle ctcols627ctype
[TRACE] 2023-12-07 22:02:28.416 [main] XBeanDebug - Resolving type for handle ctcola95ftype
[TRACE] 2023-12-07 22:02:28.444 [main] XBeanDebug - Resolving type for handle ctsheetdata8408type
[TRACE] 2023-12-07 22:02:28.449 [main] XBeanDebug - Resolving type for handle ctrowdd39type
[TRACE] 2023-12-07 22:02:28.462 [main] XBeanDebug - Resolving type for handle ctcell842btype
[TRACE] 2023-12-07 22:02:28.473 [main] XBeanDebug - Resolving type for handle stcellrefe4e0type
[TRACE] 2023-12-07 22:02:28.594 [main] XBeanDebug - Resolving type for handle ctdefinednamesce48type
[TRACE] 2023-12-07 22:02:28.600 [main] XBeanDebug - Resolving type for handle ctdefinedname9413type
[DEBUG] 2023-12-07 22:07:11.468 [main] PackageRelationshipCollection - Parsing relationship: /xl/_rels/workbook.xml.rels
[DEBUG] 2023-12-07 22:07:11.478 [main] PackageRelationshipCollection - Parsing relationship: /_rels/.rels
[TRACE] 2023-12-07 22:07:11.802 [main] XBeanDebug - Loading type system org.apache.poi.schemas.ooxml.system.ooxml
[TRACE] 2023-12-07 22:07:11.807 [main] XBeanDebug - Loading type system org.apache.xmlbeans.metadata.system.sXMLCONFIG
[TRACE] 2023-12-07 22:07:11.808 [main] XBeanDebug - Loading type system org.apache.xmlbeans.metadata.system.sXMLLANG
[TRACE] 2023-12-07 22:07:11.809 [main] XBeanDebug - Loading type system org.apache.xmlbeans.metadata.system.sXMLSCHEMA
[TRACE] 2023-12-07 22:07:11.810 [main] XBeanDebug - Loading type system org.apache.xmlbeans.metadata.system.sXMLTOOLS
[TRACE] 2023-12-07 22:07:11.812 [main] XBeanDebug - Reading unresolved handles for type system org.apache.xmlbeans.metadata.system.sXMLTOOLS
[TRACE] 2023-12-07 22:07:11.834 [main] XBeanDebug - Finished loading type system org.apache.xmlbeans.metadata.system.sXMLTOOLS
[TRACE] 2023-12-07 22:07:11.835 [main] XBeanDebug - Reading unresolved handles for type system org.apache.xmlbeans.metadata.system.sXMLSCHEMA
[TRACE] 2023-12-07 22:07:11.849 [main] XBeanDebug - Finished loading type system org.apache.xmlbeans.metadata.system.sXMLSCHEMA
[TRACE] 2023-12-07 22:07:11.851 [main] XBeanDebug - Reading unresolved handles for type system org.apache.xmlbeans.metadata.system.sXMLLANG
[TRACE] 2023-12-07 22:07:11.853 [main] XBeanDebug - Finished loading type system org.apache.xmlbeans.metadata.system.sXMLLANG
[TRACE] 2023-12-07 22:07:11.855 [main] XBeanDebug - Reading unresolved handles for type system org.apache.xmlbeans.metadata.system.sXMLCONFIG
[TRACE] 2023-12-07 22:07:11.857 [main] XBeanDebug - Finished loading type system org.apache.xmlbeans.metadata.system.sXMLCONFIG
[TRACE] 2023-12-07 22:07:11.859 [main] XBeanDebug - Reading unresolved handles for type system org.apache.poi.schemas.ooxml.system.ooxml
[TRACE] 2023-12-07 22:07:11.965 [main] XBeanDebug - Finished loading type system org.apache.poi.schemas.ooxml.system.ooxml
[TRACE] 2023-12-07 22:07:11.967 [main] XBeanDebug - Resolving type for handle themefd26doctype
[TRACE] 2023-12-07 22:07:12.067 [main] XBeanDebug - Resolving type for handle stylesheet5d8bdoctype
[TRACE] 2023-12-07 22:07:12.097 [main] XBeanDebug - Resolving type for handle ctstylesheet4257type
[TRACE] 2023-12-07 22:07:12.109 [main] XBeanDebug - Resolving type for handle ctnumfmtsb58btype
[TRACE] 2023-12-07 22:07:12.115 [main] XBeanDebug - Resolving type for handle ctnumfmt3870type
[TRACE] 2023-12-07 22:07:12.118 [main] XBeanDebug - Resolving type for handle stnumfmtid76fbtype
[TRACE] 2023-12-07 22:07:12.132 [main] XBeanDebug - Resolving type for handle stxstringf179type
[TRACE] 2023-12-07 22:07:12.137 [main] XBeanDebug - Resolving type for handle ctfonts6623type
[TRACE] 2023-12-07 22:07:12.142 [main] XBeanDebug - Resolving type for handle ctfont14d8type
[TRACE] 2023-12-07 22:07:12.154 [main] XBeanDebug - Resolving type for handle ctfills2c6ftype
[TRACE] 2023-12-07 22:07:12.157 [main] XBeanDebug - Resolving type for handle ctfill550ctype
[TRACE] 2023-12-07 22:07:12.161 [main] XBeanDebug - Resolving type for handle ctborders0d66type
[TRACE] 2023-12-07 22:07:12.164 [main] XBeanDebug - Resolving type for handle ctborderf935type
[TRACE] 2023-12-07 22:07:12.168 [main] XBeanDebug - Resolving type for handle ctcellxfs1322type
[TRACE] 2023-12-07 22:07:12.172 [main] XBeanDebug - Resolving type for handle ctxf97f7type
[TRACE] 2023-12-07 22:07:12.177 [main] XBeanDebug - Resolving type for handle ctcellstylexfsa81ftype
[TRACE] 2023-12-07 22:07:12.181 [main] XBeanDebug - Resolving type for handle cttablestyles872ftype
[TRACE] 2023-12-07 22:07:12.186 [main] XBeanDebug - Resolving type for handle sstf81fdoctype
[TRACE] 2023-12-07 22:07:12.194 [main] XBeanDebug - Resolving type for handle ctsst44f3type
[TRACE] 2023-12-07 22:07:12.200 [main] XBeanDebug - Resolving type for handle ctrsta472type
[TRACE] 2023-12-07 22:07:12.222 [main] XBeanDebug - Resolving type for handle workbookec17doctype
[TRACE] 2023-12-07 22:07:12.231 [main] XBeanDebug - Resolving type for handle ctworkbook83c3type
[TRACE] 2023-12-07 22:07:12.237 [main] XBeanDebug - Resolving type for handle ctsheets49fdtype
[TRACE] 2023-12-07 22:07:12.240 [main] XBeanDebug - Resolving type for handle ctsheet4dbetype
[TRACE] 2023-12-07 22:07:12.242 [main] XBeanDebug - Resolving type for handle strelationshipid1e94type
[TRACE] 2023-12-07 22:07:12.245 [main] XBeanDebug - Resolving type for handle worksheetf539doctype
[TRACE] 2023-12-07 22:07:12.290 [main] XBeanDebug - Resolving type for handle ctworksheet530dtype
[TRACE] 2023-12-07 22:07:12.308 [main] XBeanDebug - Resolving type for handle ctcols627ctype
[TRACE] 2023-12-07 22:07:12.320 [main] XBeanDebug - Resolving type for handle ctcola95ftype
[TRACE] 2023-12-07 22:07:12.350 [main] XBeanDebug - Resolving type for handle ctsheetdata8408type
[TRACE] 2023-12-07 22:07:12.355 [main] XBeanDebug - Resolving type for handle ctrowdd39type
[TRACE] 2023-12-07 22:07:12.368 [main] XBeanDebug - Resolving type for handle ctcell842btype
[TRACE] 2023-12-07 22:07:12.382 [main] XBeanDebug - Resolving type for handle stcellrefe4e0type
[TRACE] 2023-12-07 22:07:12.510 [main] XBeanDebug - Resolving type for handle ctdefinednamesce48type
[TRACE] 2023-12-07 22:07:12.516 [main] XBeanDebug - Resolving type for handle ctdefinedname9413type
[DEBUG] 2023-12-07 22:07:12.549 [main] PackageRelationshipCollection - Parsing relationship: /xl/_rels/workbook.xml.rels
[DEBUG] 2023-12-07 22:07:12.551 [main] PackageRelationshipCollection - Parsing relationship: /_rels/.rels
[TRACE] 2023-12-07 22:07:12.771 [main] XBeanDebug - Resolving type for handle stcelltypebf95type
[DEBUG] 2023-12-07 22:07:34.794 [main] PackageRelationshipCollection - Parsing relationship: /xl/_rels/workbook.xml.rels
[DEBUG] 2023-12-07 22:07:34.803 [main] PackageRelationshipCollection - Parsing relationship: /_rels/.rels
[TRACE] 2023-12-07 22:07:35.120 [main] XBeanDebug - Loading type system org.apache.poi.schemas.ooxml.system.ooxml
[TRACE] 2023-12-07 22:07:35.124 [main] XBeanDebug - Loading type system org.apache.xmlbeans.metadata.system.sXMLCONFIG
[TRACE] 2023-12-07 22:07:35.125 [main] XBeanDebug - Loading type system org.apache.xmlbeans.metadata.system.sXMLLANG
[TRACE] 2023-12-07 22:07:35.126 [main] XBeanDebug - Loading type system org.apache.xmlbeans.metadata.system.sXMLSCHEMA
[TRACE] 2023-12-07 22:07:35.127 [main] XBeanDebug - Loading type system org.apache.xmlbeans.metadata.system.sXMLTOOLS
[TRACE] 2023-12-07 22:07:35.129 [main] XBeanDebug - Reading unresolved handles for type system org.apache.xmlbeans.metadata.system.sXMLTOOLS
[TRACE] 2023-12-07 22:07:35.150 [main] XBeanDebug - Finished loading type system org.apache.xmlbeans.metadata.system.sXMLTOOLS
[TRACE] 2023-12-07 22:07:35.151 [main] XBeanDebug - Reading unresolved handles for type system org.apache.xmlbeans.metadata.system.sXMLSCHEMA
[TRACE] 2023-12-07 22:07:35.163 [main] XBeanDebug - Finished loading type system org.apache.xmlbeans.metadata.system.sXMLSCHEMA
[TRACE] 2023-12-07 22:07:35.165 [main] XBeanDebug - Reading unresolved handles for type system org.apache.xmlbeans.metadata.system.sXMLLANG
[TRACE] 2023-12-07 22:07:35.167 [main] XBeanDebug - Finished loading type system org.apache.xmlbeans.metadata.system.sXMLLANG
[TRACE] 2023-12-07 22:07:35.169 [main] XBeanDebug - Reading unresolved handles for type system org.apache.xmlbeans.metadata.system.sXMLCONFIG
[TRACE] 2023-12-07 22:07:35.172 [main] XBeanDebug - Finished loading type system org.apache.xmlbeans.metadata.system.sXMLCONFIG
[TRACE] 2023-12-07 22:07:35.174 [main] XBeanDebug - Reading unresolved handles for type system org.apache.poi.schemas.ooxml.system.ooxml
[TRACE] 2023-12-07 22:07:35.293 [main] XBeanDebug - Finished loading type system org.apache.poi.schemas.ooxml.system.ooxml
[TRACE] 2023-12-07 22:07:35.295 [main] XBeanDebug - Resolving type for handle themefd26doctype
[TRACE] 2023-12-07 22:07:35.392 [main] XBeanDebug - Resolving type for handle stylesheet5d8bdoctype
[TRACE] 2023-12-07 22:07:35.423 [main] XBeanDebug - Resolving type for handle ctstylesheet4257type
[TRACE] 2023-12-07 22:07:35.431 [main] XBeanDebug - Resolving type for handle ctnumfmtsb58btype
[TRACE] 2023-12-07 22:07:35.437 [main] XBeanDebug - Resolving type for handle ctnumfmt3870type
[TRACE] 2023-12-07 22:07:35.441 [main] XBeanDebug - Resolving type for handle stnumfmtid76fbtype
[TRACE] 2023-12-07 22:07:35.455 [main] XBeanDebug - Resolving type for handle stxstringf179type
[TRACE] 2023-12-07 22:07:35.459 [main] XBeanDebug - Resolving type for handle ctfonts6623type
[TRACE] 2023-12-07 22:07:35.463 [main] XBeanDebug - Resolving type for handle ctfont14d8type
[TRACE] 2023-12-07 22:07:35.476 [main] XBeanDebug - Resolving type for handle ctfills2c6ftype
[TRACE] 2023-12-07 22:07:35.479 [main] XBeanDebug - Resolving type for handle ctfill550ctype
[TRACE] 2023-12-07 22:07:35.483 [main] XBeanDebug - Resolving type for handle ctborders0d66type
[TRACE] 2023-12-07 22:07:35.486 [main] XBeanDebug - Resolving type for handle ctborderf935type
[TRACE] 2023-12-07 22:07:35.490 [main] XBeanDebug - Resolving type for handle ctcellxfs1322type
[TRACE] 2023-12-07 22:07:35.494 [main] XBeanDebug - Resolving type for handle ctxf97f7type
[TRACE] 2023-12-07 22:07:35.499 [main] XBeanDebug - Resolving type for handle ctcellstylexfsa81ftype
[TRACE] 2023-12-07 22:07:35.503 [main] XBeanDebug - Resolving type for handle cttablestyles872ftype
[TRACE] 2023-12-07 22:07:35.508 [main] XBeanDebug - Resolving type for handle sstf81fdoctype
[TRACE] 2023-12-07 22:07:35.517 [main] XBeanDebug - Resolving type for handle ctsst44f3type
[TRACE] 2023-12-07 22:07:35.524 [main] XBeanDebug - Resolving type for handle ctrsta472type
[TRACE] 2023-12-07 22:07:35.546 [main] XBeanDebug - Resolving type for handle workbookec17doctype
[TRACE] 2023-12-07 22:07:35.555 [main] XBeanDebug - Resolving type for handle ctworkbook83c3type
[TRACE] 2023-12-07 22:07:35.562 [main] XBeanDebug - Resolving type for handle ctsheets49fdtype
[TRACE] 2023-12-07 22:07:35.566 [main] XBeanDebug - Resolving type for handle ctsheet4dbetype
[TRACE] 2023-12-07 22:07:35.569 [main] XBeanDebug - Resolving type for handle strelationshipid1e94type
[TRACE] 2023-12-07 22:07:35.572 [main] XBeanDebug - Resolving type for handle worksheetf539doctype
[TRACE] 2023-12-07 22:07:35.626 [main] XBeanDebug - Resolving type for handle ctworksheet530dtype
[TRACE] 2023-12-07 22:07:35.643 [main] XBeanDebug - Resolving type for handle ctcols627ctype
[TRACE] 2023-12-07 22:07:35.655 [main] XBeanDebug - Resolving type for handle ctcola95ftype
[TRACE] 2023-12-07 22:07:35.681 [main] XBeanDebug - Resolving type for handle ctsheetdata8408type
[TRACE] 2023-12-07 22:07:35.686 [main] XBeanDebug - Resolving type for handle ctrowdd39type
[TRACE] 2023-12-07 22:07:35.699 [main] XBeanDebug - Resolving type for handle ctcell842btype
[TRACE] 2023-12-07 22:07:35.713 [main] XBeanDebug - Resolving type for handle stcellrefe4e0type
[TRACE] 2023-12-07 22:07:35.834 [main] XBeanDebug - Resolving type for handle ctdefinednamesce48type
[TRACE] 2023-12-07 22:07:35.840 [main] XBeanDebug - Resolving type for handle ctdefinedname9413type
[DEBUG] 2023-12-07 22:07:35.870 [main] PackageRelationshipCollection - Parsing relationship: /xl/_rels/workbook.xml.rels
[DEBUG] 2023-12-07 22:07:35.873 [main] PackageRelationshipCollection - Parsing relationship: /_rels/.rels
[TRACE] 2023-12-07 22:07:36.076 [main] XBeanDebug - Resolving type for handle stcelltypebf95type
[DEBUG] 2023-12-07 22:09:06.783 [main] PackageRelationshipCollection - Parsing relationship: /xl/_rels/workbook.xml.rels
[DEBUG] 2023-12-07 22:09:06.793 [main] PackageRelationshipCollection - Parsing relationship: /_rels/.rels
[TRACE] 2023-12-07 22:09:07.110 [main] XBeanDebug - Loading type system org.apache.poi.schemas.ooxml.system.ooxml
[TRACE] 2023-12-07 22:09:07.114 [main] XBeanDebug - Loading type system org.apache.xmlbeans.metadata.system.sXMLCONFIG
[TRACE] 2023-12-07 22:09:07.116 [main] XBeanDebug - Loading type system org.apache.xmlbeans.metadata.system.sXMLLANG
[TRACE] 2023-12-07 22:09:07.116 [main] XBeanDebug - Loading type system org.apache.xmlbeans.metadata.system.sXMLSCHEMA
[TRACE] 2023-12-07 22:09:07.117 [main] XBeanDebug - Loading type system org.apache.xmlbeans.metadata.system.sXMLTOOLS
[TRACE] 2023-12-07 22:09:07.119 [main] XBeanDebug - Reading unresolved handles for type system org.apache.xmlbeans.metadata.system.sXMLTOOLS
[TRACE] 2023-12-07 22:09:07.143 [main] XBeanDebug - Finished loading type system org.apache.xmlbeans.metadata.system.sXMLTOOLS
[TRACE] 2023-12-07 22:09:07.144 [main] XBeanDebug - Reading unresolved handles for type system org.apache.xmlbeans.metadata.system.sXMLSCHEMA
[TRACE] 2023-12-07 22:09:07.156 [main] XBeanDebug - Finished loading type system org.apache.xmlbeans.metadata.system.sXMLSCHEMA
[TRACE] 2023-12-07 22:09:07.158 [main] XBeanDebug - Reading unresolved handles for type system org.apache.xmlbeans.metadata.system.sXMLLANG
[TRACE] 2023-12-07 22:09:07.160 [main] XBeanDebug - Finished loading type system org.apache.xmlbeans.metadata.system.sXMLLANG
[TRACE] 2023-12-07 22:09:07.163 [main] XBeanDebug - Reading unresolved handles for type system org.apache.xmlbeans.metadata.system.sXMLCONFIG
[TRACE] 2023-12-07 22:09:07.165 [main] XBeanDebug - Finished loading type system org.apache.xmlbeans.metadata.system.sXMLCONFIG
[TRACE] 2023-12-07 22:09:07.167 [main] XBeanDebug - Reading unresolved handles for type system org.apache.poi.schemas.ooxml.system.ooxml
[TRACE] 2023-12-07 22:09:07.280 [main] XBeanDebug - Finished loading type system org.apache.poi.schemas.ooxml.system.ooxml
[TRACE] 2023-12-07 22:09:07.283 [main] XBeanDebug - Resolving type for handle themefd26doctype
[TRACE] 2023-12-07 22:09:07.386 [main] XBeanDebug - Resolving type for handle stylesheet5d8bdoctype
[TRACE] 2023-12-07 22:09:07.420 [main] XBeanDebug - Resolving type for handle ctstylesheet4257type
[TRACE] 2023-12-07 22:09:07.428 [main] XBeanDebug - Resolving type for handle ctnumfmtsb58btype
[TRACE] 2023-12-07 22:09:07.433 [main] XBeanDebug - Resolving type for handle ctnumfmt3870type
[TRACE] 2023-12-07 22:09:07.436 [main] XBeanDebug - Resolving type for handle stnumfmtid76fbtype
[TRACE] 2023-12-07 22:09:07.448 [main] XBeanDebug - Resolving type for handle stxstringf179type
[TRACE] 2023-12-07 22:09:07.452 [main] XBeanDebug - Resolving type for handle ctfonts6623type
[TRACE] 2023-12-07 22:09:07.457 [main] XBeanDebug - Resolving type for handle ctfont14d8type
[TRACE] 2023-12-07 22:09:07.469 [main] XBeanDebug - Resolving type for handle ctfills2c6ftype
[TRACE] 2023-12-07 22:09:07.473 [main] XBeanDebug - Resolving type for handle ctfill550ctype
[TRACE] 2023-12-07 22:09:07.476 [main] XBeanDebug - Resolving type for handle ctborders0d66type
[TRACE] 2023-12-07 22:09:07.479 [main] XBeanDebug - Resolving type for handle ctborderf935type
[TRACE] 2023-12-07 22:09:07.483 [main] XBeanDebug - Resolving type for handle ctcellxfs1322type
[TRACE] 2023-12-07 22:09:07.487 [main] XBeanDebug - Resolving type for handle ctxf97f7type
[TRACE] 2023-12-07 22:09:07.491 [main] XBeanDebug - Resolving type for handle ctcellstylexfsa81ftype
[TRACE] 2023-12-07 22:09:07.496 [main] XBeanDebug - Resolving type for handle cttablestyles872ftype
[TRACE] 2023-12-07 22:09:07.501 [main] XBeanDebug - Resolving type for handle sstf81fdoctype
[TRACE] 2023-12-07 22:09:07.510 [main] XBeanDebug - Resolving type for handle ctsst44f3type
[TRACE] 2023-12-07 22:09:07.518 [main] XBeanDebug - Resolving type for handle ctrsta472type
[TRACE] 2023-12-07 22:09:07.540 [main] XBeanDebug - Resolving type for handle workbookec17doctype
[TRACE] 2023-12-07 22:09:07.548 [main] XBeanDebug - Resolving type for handle ctworkbook83c3type
[TRACE] 2023-12-07 22:09:07.556 [main] XBeanDebug - Resolving type for handle ctsheets49fdtype
[TRACE] 2023-12-07 22:09:07.559 [main] XBeanDebug - Resolving type for handle ctsheet4dbetype
[TRACE] 2023-12-07 22:09:07.561 [main] XBeanDebug - Resolving type for handle strelationshipid1e94type
[TRACE] 2023-12-07 22:09:07.564 [main] XBeanDebug - Resolving type for handle worksheetf539doctype
[TRACE] 2023-12-07 22:09:07.614 [main] XBeanDebug - Resolving type for handle ctworksheet530dtype
[TRACE] 2023-12-07 22:09:07.634 [main] XBeanDebug - Resolving type for handle ctcols627ctype
[TRACE] 2023-12-07 22:09:07.646 [main] XBeanDebug - Resolving type for handle ctcola95ftype
[TRACE] 2023-12-07 22:09:07.676 [main] XBeanDebug - Resolving type for handle ctsheetdata8408type
[TRACE] 2023-12-07 22:09:07.681 [main] XBeanDebug - Resolving type for handle ctrowdd39type
[TRACE] 2023-12-07 22:09:07.694 [main] XBeanDebug - Resolving type for handle ctcell842btype
[TRACE] 2023-12-07 22:09:07.702 [main] XBeanDebug - Resolving type for handle stcellrefe4e0type
[TRACE] 2023-12-07 22:09:07.831 [main] XBeanDebug - Resolving type for handle ctdefinednamesce48type
[TRACE] 2023-12-07 22:09:07.836 [main] XBeanDebug - Resolving type for handle ctdefinedname9413type
[DEBUG] 2023-12-07 22:09:07.864 [main] PackageRelationshipCollection - Parsing relationship: /xl/_rels/workbook.xml.rels
[DEBUG] 2023-12-07 22:09:07.867 [main] PackageRelationshipCollection - Parsing relationship: /_rels/.rels
[TRACE] 2023-12-07 22:09:08.093 [main] XBeanDebug - Resolving type for handle stcelltypebf95type
[DEBUG] 2023-12-07 22:09:44.194 [main] PackageRelationshipCollection - Parsing relationship: /xl/_rels/workbook.xml.rels
[DEBUG] 2023-12-07 22:09:44.204 [main] PackageRelationshipCollection - Parsing relationship: /_rels/.rels
[TRACE] 2023-12-07 22:09:44.602 [main] XBeanDebug - Loading type system org.apache.poi.schemas.ooxml.system.ooxml
[TRACE] 2023-12-07 22:09:44.609 [main] XBeanDebug - Loading type system org.apache.xmlbeans.metadata.system.sXMLCONFIG
[TRACE] 2023-12-07 22:09:44.611 [main] XBeanDebug - Loading type system org.apache.xmlbeans.metadata.system.sXMLLANG
[TRACE] 2023-12-07 22:09:44.613 [main] XBeanDebug - Loading type system org.apache.xmlbeans.metadata.system.sXMLSCHEMA
[TRACE] 2023-12-07 22:09:44.616 [main] XBeanDebug - Loading type system org.apache.xmlbeans.metadata.system.sXMLTOOLS
[TRACE] 2023-12-07 22:09:44.619 [main] XBeanDebug - Reading unresolved handles for type system org.apache.xmlbeans.metadata.system.sXMLTOOLS
[TRACE] 2023-12-07 22:09:44.661 [main] XBeanDebug - Finished loading type system org.apache.xmlbeans.metadata.system.sXMLTOOLS
[TRACE] 2023-12-07 22:09:44.664 [main] XBeanDebug - Reading unresolved handles for type system org.apache.xmlbeans.metadata.system.sXMLSCHEMA
[TRACE] 2023-12-07 22:09:44.685 [main] XBeanDebug - Finished loading type system org.apache.xmlbeans.metadata.system.sXMLSCHEMA
[TRACE] 2023-12-07 22:09:44.688 [main] XBeanDebug - Reading unresolved handles for type system org.apache.xmlbeans.metadata.system.sXMLLANG
[TRACE] 2023-12-07 22:09:44.691 [main] XBeanDebug - Finished loading type system org.apache.xmlbeans.metadata.system.sXMLLANG
[TRACE] 2023-12-07 22:09:44.693 [main] XBeanDebug - Reading unresolved handles for type system org.apache.xmlbeans.metadata.system.sXMLCONFIG
[TRACE] 2023-12-07 22:09:44.695 [main] XBeanDebug - Finished loading type system org.apache.xmlbeans.metadata.system.sXMLCONFIG
[TRACE] 2023-12-07 22:09:44.697 [main] XBeanDebug - Reading unresolved handles for type system org.apache.poi.schemas.ooxml.system.ooxml
[TRACE] 2023-12-07 22:09:44.879 [main] XBeanDebug - Finished loading type system org.apache.poi.schemas.ooxml.system.ooxml
[TRACE] 2023-12-07 22:09:44.881 [main] XBeanDebug - Resolving type for handle themefd26doctype
[TRACE] 2023-12-07 22:09:44.989 [main] XBeanDebug - Resolving type for handle stylesheet5d8bdoctype
[TRACE] 2023-12-07 22:09:45.021 [main] XBeanDebug - Resolving type for handle ctstylesheet4257type
[TRACE] 2023-12-07 22:09:45.035 [main] XBeanDebug - Resolving type for handle ctnumfmtsb58btype
[TRACE] 2023-12-07 22:09:45.041 [main] XBeanDebug - Resolving type for handle ctnumfmt3870type
[TRACE] 2023-12-07 22:09:45.044 [main] XBeanDebug - Resolving type for handle stnumfmtid76fbtype
[TRACE] 2023-12-07 22:09:45.056 [main] XBeanDebug - Resolving type for handle stxstringf179type
[TRACE] 2023-12-07 22:09:45.060 [main] XBeanDebug - Resolving type for handle ctfonts6623type
[TRACE] 2023-12-07 22:09:45.065 [main] XBeanDebug - Resolving type for handle ctfont14d8type
[TRACE] 2023-12-07 22:09:45.075 [main] XBeanDebug - Resolving type for handle ctfills2c6ftype
[TRACE] 2023-12-07 22:09:45.079 [main] XBeanDebug - Resolving type for handle ctfill550ctype
[TRACE] 2023-12-07 22:09:45.083 [main] XBeanDebug - Resolving type for handle ctborders0d66type
[TRACE] 2023-12-07 22:09:45.086 [main] XBeanDebug - Resolving type for handle ctborderf935type
[TRACE] 2023-12-07 22:09:45.091 [main] XBeanDebug - Resolving type for handle ctcellxfs1322type
[TRACE] 2023-12-07 22:09:45.095 [main] XBeanDebug - Resolving type for handle ctxf97f7type
[TRACE] 2023-12-07 22:09:45.100 [main] XBeanDebug - Resolving type for handle ctcellstylexfsa81ftype
[TRACE] 2023-12-07 22:09:45.105 [main] XBeanDebug - Resolving type for handle cttablestyles872ftype
[TRACE] 2023-12-07 22:09:45.109 [main] XBeanDebug - Resolving type for handle sstf81fdoctype
[TRACE] 2023-12-07 22:09:45.118 [main] XBeanDebug - Resolving type for handle ctsst44f3type
[TRACE] 2023-12-07 22:09:45.124 [main] XBeanDebug - Resolving type for handle ctrsta472type
[TRACE] 2023-12-07 22:09:45.146 [main] XBeanDebug - Resolving type for handle workbookec17doctype
[TRACE] 2023-12-07 22:09:45.155 [main] XBeanDebug - Resolving type for handle ctworkbook83c3type
[TRACE] 2023-12-07 22:09:45.161 [main] XBeanDebug - Resolving type for handle ctsheets49fdtype
[TRACE] 2023-12-07 22:09:45.163 [main] XBeanDebug - Resolving type for handle ctsheet4dbetype
[TRACE] 2023-12-07 22:09:45.166 [main] XBeanDebug - Resolving type for handle strelationshipid1e94type
[TRACE] 2023-12-07 22:09:45.169 [main] XBeanDebug - Resolving type for handle worksheetf539doctype
[TRACE] 2023-12-07 22:09:45.212 [main] XBeanDebug - Resolving type for handle ctworksheet530dtype
[TRACE] 2023-12-07 22:09:45.230 [main] XBeanDebug - Resolving type for handle ctcols627ctype
[TRACE] 2023-12-07 22:09:45.243 [main] XBeanDebug - Resolving type for handle ctcola95ftype
[TRACE] 2023-12-07 22:09:45.271 [main] XBeanDebug - Resolving type for handle ctsheetdata8408type
[TRACE] 2023-12-07 22:09:45.275 [main] XBeanDebug - Resolving type for handle ctrowdd39type
[TRACE] 2023-12-07 22:09:45.287 [main] XBeanDebug - Resolving type for handle ctcell842btype
[TRACE] 2023-12-07 22:09:45.299 [main] XBeanDebug - Resolving type for handle stcellrefe4e0type
[TRACE] 2023-12-07 22:09:45.423 [main] XBeanDebug - Resolving type for handle ctdefinednamesce48type
[TRACE] 2023-12-07 22:09:45.429 [main] XBeanDebug - Resolving type for handle ctdefinedname9413type
[DEBUG] 2023-12-07 22:09:45.467 [main] PackageRelationshipCollection - Parsing relationship: /xl/_rels/workbook.xml.rels
[DEBUG] 2023-12-07 22:09:45.470 [main] PackageRelationshipCollection - Parsing relationship: /_rels/.rels
[TRACE] 2023-12-07 22:09:45.764 [main] XBeanDebug - Resolving type for handle stcelltypebf95type
[DEBUG] 2023-12-07 22:13:09.406 [main] PackageRelationshipCollection - Parsing relationship: /xl/_rels/workbook.xml.rels
[DEBUG] 2023-12-07 22:13:09.414 [main] PackageRelationshipCollection - Parsing relationship: /_rels/.rels
[TRACE] 2023-12-07 22:13:09.734 [main] XBeanDebug - Loading type system org.apache.poi.schemas.ooxml.system.ooxml
[TRACE] 2023-12-07 22:13:09.738 [main] XBeanDebug - Loading type system org.apache.xmlbeans.metadata.system.sXMLCONFIG
[TRACE] 2023-12-07 22:13:09.740 [main] XBeanDebug - Loading type system org.apache.xmlbeans.metadata.system.sXMLLANG
[TRACE] 2023-12-07 22:13:09.741 [main] XBeanDebug - Loading type system org.apache.xmlbeans.metadata.system.sXMLSCHEMA
[TRACE] 2023-12-07 22:13:09.742 [main] XBeanDebug - Loading type system org.apache.xmlbeans.metadata.system.sXMLTOOLS
[TRACE] 2023-12-07 22:13:09.744 [main] XBeanDebug - Reading unresolved handles for type system org.apache.xmlbeans.metadata.system.sXMLTOOLS
[TRACE] 2023-12-07 22:13:09.766 [main] XBeanDebug - Finished loading type system org.apache.xmlbeans.metadata.system.sXMLTOOLS
[TRACE] 2023-12-07 22:13:09.767 [main] XBeanDebug - Reading unresolved handles for type system org.apache.xmlbeans.metadata.system.sXMLSCHEMA
[TRACE] 2023-12-07 22:13:09.780 [main] XBeanDebug - Finished loading type system org.apache.xmlbeans.metadata.system.sXMLSCHEMA
[TRACE] 2023-12-07 22:13:09.782 [main] XBeanDebug - Reading unresolved handles for type system org.apache.xmlbeans.metadata.system.sXMLLANG
[TRACE] 2023-12-07 22:13:09.784 [main] XBeanDebug - Finished loading type system org.apache.xmlbeans.metadata.system.sXMLLANG
[TRACE] 2023-12-07 22:13:09.786 [main] XBeanDebug - Reading unresolved handles for type system org.apache.xmlbeans.metadata.system.sXMLCONFIG
[TRACE] 2023-12-07 22:13:09.789 [main] XBeanDebug - Finished loading type system org.apache.xmlbeans.metadata.system.sXMLCONFIG
[TRACE] 2023-12-07 22:13:09.790 [main] XBeanDebug - Reading unresolved handles for type system org.apache.poi.schemas.ooxml.system.ooxml
[TRACE] 2023-12-07 22:13:09.908 [main] XBeanDebug - Finished loading type system org.apache.poi.schemas.ooxml.system.ooxml
[TRACE] 2023-12-07 22:13:09.910 [main] XBeanDebug - Resolving type for handle themefd26doctype
[TRACE] 2023-12-07 22:13:10.006 [main] XBeanDebug - Resolving type for handle stylesheet5d8bdoctype
[TRACE] 2023-12-07 22:13:10.043 [main] XBeanDebug - Resolving type for handle ctstylesheet4257type
[TRACE] 2023-12-07 22:13:10.051 [main] XBeanDebug - Resolving type for handle ctnumfmtsb58btype
[TRACE] 2023-12-07 22:13:10.057 [main] XBeanDebug - Resolving type for handle ctnumfmt3870type
[TRACE] 2023-12-07 22:13:10.060 [main] XBeanDebug - Resolving type for handle stnumfmtid76fbtype
[TRACE] 2023-12-07 22:13:10.072 [main] XBeanDebug - Resolving type for handle stxstringf179type
[TRACE] 2023-12-07 22:13:10.077 [main] XBeanDebug - Resolving type for handle ctfonts6623type
[TRACE] 2023-12-07 22:13:10.082 [main] XBeanDebug - Resolving type for handle ctfont14d8type
[TRACE] 2023-12-07 22:13:10.091 [main] XBeanDebug - Resolving type for handle ctfills2c6ftype
[TRACE] 2023-12-07 22:13:10.095 [main] XBeanDebug - Resolving type for handle ctfill550ctype
[TRACE] 2023-12-07 22:13:10.098 [main] XBeanDebug - Resolving type for handle ctborders0d66type
[TRACE] 2023-12-07 22:13:10.101 [main] XBeanDebug - Resolving type for handle ctborderf935type
[TRACE] 2023-12-07 22:13:10.105 [main] XBeanDebug - Resolving type for handle ctcellxfs1322type
[TRACE] 2023-12-07 22:13:10.110 [main] XBeanDebug - Resolving type for handle ctxf97f7type
[TRACE] 2023-12-07 22:13:10.116 [main] XBeanDebug - Resolving type for handle ctcellstylexfsa81ftype
[TRACE] 2023-12-07 22:13:10.121 [main] XBeanDebug - Resolving type for handle cttablestyles872ftype
[TRACE] 2023-12-07 22:13:10.127 [main] XBeanDebug - Resolving type for handle sstf81fdoctype
[TRACE] 2023-12-07 22:13:10.136 [main] XBeanDebug - Resolving type for handle ctsst44f3type
[TRACE] 2023-12-07 22:13:10.143 [main] XBeanDebug - Resolving type for handle ctrsta472type
[TRACE] 2023-12-07 22:13:10.165 [main] XBeanDebug - Resolving type for handle workbookec17doctype
[TRACE] 2023-12-07 22:13:10.173 [main] XBeanDebug - Resolving type for handle ctworkbook83c3type
[TRACE] 2023-12-07 22:13:10.181 [main] XBeanDebug - Resolving type for handle ctsheets49fdtype
[TRACE] 2023-12-07 22:13:10.184 [main] XBeanDebug - Resolving type for handle ctsheet4dbetype
[TRACE] 2023-12-07 22:13:10.186 [main] XBeanDebug - Resolving type for handle strelationshipid1e94type
[TRACE] 2023-12-07 22:13:10.189 [main] XBeanDebug - Resolving type for handle worksheetf539doctype
[TRACE] 2023-12-07 22:13:10.242 [main] XBeanDebug - Resolving type for handle ctworksheet530dtype
[TRACE] 2023-12-07 22:13:10.265 [main] XBeanDebug - Resolving type for handle ctcols627ctype
[TRACE] 2023-12-07 22:13:10.278 [main] XBeanDebug - Resolving type for handle ctcola95ftype
[TRACE] 2023-12-07 22:13:10.308 [main] XBeanDebug - Resolving type for handle ctsheetdata8408type
[TRACE] 2023-12-07 22:13:10.314 [main] XBeanDebug - Resolving type for handle ctrowdd39type
[TRACE] 2023-12-07 22:13:10.327 [main] XBeanDebug - Resolving type for handle ctcell842btype
[TRACE] 2023-12-07 22:13:10.341 [main] XBeanDebug - Resolving type for handle stcellrefe4e0type
[TRACE] 2023-12-07 22:13:10.472 [main] XBeanDebug - Resolving type for handle ctdefinednamesce48type
[TRACE] 2023-12-07 22:13:10.478 [main] XBeanDebug - Resolving type for handle ctdefinedname9413type
[DEBUG] 2023-12-07 22:13:10.523 [main] PackageRelationshipCollection - Parsing relationship: /xl/_rels/workbook.xml.rels
[DEBUG] 2023-12-07 22:13:10.526 [main] PackageRelationshipCollection - Parsing relationship: /_rels/.rels
[TRACE] 2023-12-07 22:13:10.813 [main] XBeanDebug - Resolving type for handle stcelltypebf95type
[DEBUG] 2023-12-07 22:13:10.855 [main] PackageRelationshipCollection - Parsing relationship: /xl/_rels/workbook.xml.rels
[DEBUG] 2023-12-07 22:13:10.858 [main] PackageRelationshipCollection - Parsing relationship: /_rels/.rels
[DEBUG] 2023-12-07 22:13:30.322 [main] PackageRelationshipCollection - Parsing relationship: /xl/_rels/workbook.xml.rels
[DEBUG] 2023-12-07 22:13:30.332 [main] PackageRelationshipCollection - Parsing relationship: /_rels/.rels
[TRACE] 2023-12-07 22:13:30.661 [main] XBeanDebug - Loading type system org.apache.poi.schemas.ooxml.system.ooxml
[TRACE] 2023-12-07 22:13:30.664 [main] XBeanDebug - Loading type system org.apache.xmlbeans.metadata.system.sXMLCONFIG
[TRACE] 2023-12-07 22:13:30.666 [main] XBeanDebug - Loading type system org.apache.xmlbeans.metadata.system.sXMLLANG
[TRACE] 2023-12-07 22:13:30.667 [main] XBeanDebug - Loading type system org.apache.xmlbeans.metadata.system.sXMLSCHEMA
[TRACE] 2023-12-07 22:13:30.668 [main] XBeanDebug - Loading type system org.apache.xmlbeans.metadata.system.sXMLTOOLS
[TRACE] 2023-12-07 22:13:30.669 [main] XBeanDebug - Reading unresolved handles for type system org.apache.xmlbeans.metadata.system.sXMLTOOLS
[TRACE] 2023-12-07 22:13:30.690 [main] XBeanDebug - Finished loading type system org.apache.xmlbeans.metadata.system.sXMLTOOLS
[TRACE] 2023-12-07 22:13:30.692 [main] XBeanDebug - Reading unresolved handles for type system org.apache.xmlbeans.metadata.system.sXMLSCHEMA
[TRACE] 2023-12-07 22:13:30.705 [main] XBeanDebug - Finished loading type system org.apache.xmlbeans.metadata.system.sXMLSCHEMA
[TRACE] 2023-12-07 22:13:30.707 [main] XBeanDebug - Reading unresolved handles for type system org.apache.xmlbeans.metadata.system.sXMLLANG
[TRACE] 2023-12-07 22:13:30.709 [main] XBeanDebug - Finished loading type system org.apache.xmlbeans.metadata.system.sXMLLANG
[TRACE] 2023-12-07 22:13:30.711 [main] XBeanDebug - Reading unresolved handles for type system org.apache.xmlbeans.metadata.system.sXMLCONFIG
[TRACE] 2023-12-07 22:13:30.714 [main] XBeanDebug - Finished loading type system org.apache.xmlbeans.metadata.system.sXMLCONFIG
[TRACE] 2023-12-07 22:13:30.715 [main] XBeanDebug - Reading unresolved handles for type system org.apache.poi.schemas.ooxml.system.ooxml
[TRACE] 2023-12-07 22:13:30.811 [main] XBeanDebug - Finished loading type system org.apache.poi.schemas.ooxml.system.ooxml
[TRACE] 2023-12-07 22:13:30.812 [main] XBeanDebug - Resolving type for handle themefd26doctype
[TRACE] 2023-12-07 22:13:30.911 [main] XBeanDebug - Resolving type for handle stylesheet5d8bdoctype
[TRACE] 2023-12-07 22:13:30.943 [main] XBeanDebug - Resolving type for handle ctstylesheet4257type
[TRACE] 2023-12-07 22:13:30.951 [main] XBeanDebug - Resolving type for handle ctnumfmtsb58btype
[TRACE] 2023-12-07 22:13:30.956 [main] XBeanDebug - Resolving type for handle ctnumfmt3870type
[TRACE] 2023-12-07 22:13:30.959 [main] XBeanDebug - Resolving type for handle stnumfmtid76fbtype
[TRACE] 2023-12-07 22:13:30.970 [main] XBeanDebug - Resolving type for handle stxstringf179type
[TRACE] 2023-12-07 22:13:30.975 [main] XBeanDebug - Resolving type for handle ctfonts6623type
[TRACE] 2023-12-07 22:13:30.978 [main] XBeanDebug - Resolving type for handle ctfont14d8type
[TRACE] 2023-12-07 22:13:30.988 [main] XBeanDebug - Resolving type for handle ctfills2c6ftype
[TRACE] 2023-12-07 22:13:30.992 [main] XBeanDebug - Resolving type for handle ctfill550ctype
[TRACE] 2023-12-07 22:13:30.995 [main] XBeanDebug - Resolving type for handle ctborders0d66type
[TRACE] 2023-12-07 22:13:30.999 [main] XBeanDebug - Resolving type for handle ctborderf935type
[TRACE] 2023-12-07 22:13:31.004 [main] XBeanDebug - Resolving type for handle ctcellxfs1322type
[TRACE] 2023-12-07 22:13:31.008 [main] XBeanDebug - Resolving type for handle ctxf97f7type
[TRACE] 2023-12-07 22:13:31.013 [main] XBeanDebug - Resolving type for handle ctcellstylexfsa81ftype
[TRACE] 2023-12-07 22:13:31.017 [main] XBeanDebug - Resolving type for handle cttablestyles872ftype
[TRACE] 2023-12-07 22:13:31.022 [main] XBeanDebug - Resolving type for handle sstf81fdoctype
[TRACE] 2023-12-07 22:13:31.030 [main] XBeanDebug - Resolving type for handle ctsst44f3type
[TRACE] 2023-12-07 22:13:31.036 [main] XBeanDebug - Resolving type for handle ctrsta472type
[TRACE] 2023-12-07 22:13:31.057 [main] XBeanDebug - Resolving type for handle workbookec17doctype
[TRACE] 2023-12-07 22:13:31.064 [main] XBeanDebug - Resolving type for handle ctworkbook83c3type
[TRACE] 2023-12-07 22:13:31.072 [main] XBeanDebug - Resolving type for handle ctsheets49fdtype
[TRACE] 2023-12-07 22:13:31.075 [main] XBeanDebug - Resolving type for handle ctsheet4dbetype
[TRACE] 2023-12-07 22:13:31.078 [main] XBeanDebug - Resolving type for handle strelationshipid1e94type
[TRACE] 2023-12-07 22:13:31.080 [main] XBeanDebug - Resolving type for handle worksheetf539doctype
[TRACE] 2023-12-07 22:13:31.127 [main] XBeanDebug - Resolving type for handle ctworksheet530dtype
[TRACE] 2023-12-07 22:13:31.146 [main] XBeanDebug - Resolving type for handle ctcols627ctype
[TRACE] 2023-12-07 22:13:31.157 [main] XBeanDebug - Resolving type for handle ctcola95ftype
[TRACE] 2023-12-07 22:13:31.186 [main] XBeanDebug - Resolving type for handle ctsheetdata8408type
[TRACE] 2023-12-07 22:13:31.190 [main] XBeanDebug - Resolving type for handle ctrowdd39type
[TRACE] 2023-12-07 22:13:31.201 [main] XBeanDebug - Resolving type for handle ctcell842btype
[TRACE] 2023-12-07 22:13:31.215 [main] XBeanDebug - Resolving type for handle stcellrefe4e0type
[TRACE] 2023-12-07 22:13:31.357 [main] XBeanDebug - Resolving type for handle ctdefinednamesce48type
[TRACE] 2023-12-07 22:13:31.363 [main] XBeanDebug - Resolving type for handle ctdefinedname9413type
[DEBUG] 2023-12-07 22:13:31.394 [main] PackageRelationshipCollection - Parsing relationship: /xl/_rels/workbook.xml.rels
[DEBUG] 2023-12-07 22:13:31.396 [main] PackageRelationshipCollection - Parsing relationship: /_rels/.rels
[TRACE] 2023-12-07 22:13:31.621 [main] XBeanDebug - Resolving type for handle stcelltypebf95type
[DEBUG] 2023-12-07 22:13:31.669 [main] PackageRelationshipCollection - Parsing relationship: /xl/_rels/workbook.xml.rels
[DEBUG] 2023-12-07 22:13:31.672 [main] PackageRelationshipCollection - Parsing relationship: /_rels/.rels
[DEBUG] 2023-12-07 22:23:26.211 [main] PackageRelationshipCollection - Parsing relationship: /xl/_rels/workbook.xml.rels
[DEBUG] 2023-12-07 22:23:26.221 [main] PackageRelationshipCollection - Parsing relationship: /_rels/.rels
[TRACE] 2023-12-07 22:23:26.541 [main] XBeanDebug - Loading type system org.apache.poi.schemas.ooxml.system.ooxml
[TRACE] 2023-12-07 22:23:26.544 [main] XBeanDebug - Loading type system org.apache.xmlbeans.metadata.system.sXMLCONFIG
[TRACE] 2023-12-07 22:23:26.546 [main] XBeanDebug - Loading type system org.apache.xmlbeans.metadata.system.sXMLLANG
[TRACE] 2023-12-07 22:23:26.547 [main] XBeanDebug - Loading type system org.apache.xmlbeans.metadata.system.sXMLSCHEMA
[TRACE] 2023-12-07 22:23:26.548 [main] XBeanDebug - Loading type system org.apache.xmlbeans.metadata.system.sXMLTOOLS
[TRACE] 2023-12-07 22:23:26.550 [main] XBeanDebug - Reading unresolved handles for type system org.apache.xmlbeans.metadata.system.sXMLTOOLS
[TRACE] 2023-12-07 22:23:26.573 [main] XBeanDebug - Finished loading type system org.apache.xmlbeans.metadata.system.sXMLTOOLS
[TRACE] 2023-12-07 22:23:26.575 [main] XBeanDebug - Reading unresolved handles for type system org.apache.xmlbeans.metadata.system.sXMLSCHEMA
[TRACE] 2023-12-07 22:23:26.589 [main] XBeanDebug - Finished loading type system org.apache.xmlbeans.metadata.system.sXMLSCHEMA
[TRACE] 2023-12-07 22:23:26.591 [main] XBeanDebug - Reading unresolved handles for type system org.apache.xmlbeans.metadata.system.sXMLLANG
[TRACE] 2023-12-07 22:23:26.593 [main] XBeanDebug - Finished loading type system org.apache.xmlbeans.metadata.system.sXMLLANG
[TRACE] 2023-12-07 22:23:26.595 [main] XBeanDebug - Reading unresolved handles for type system org.apache.xmlbeans.metadata.system.sXMLCONFIG
[TRACE] 2023-12-07 22:23:26.598 [main] XBeanDebug - Finished loading type system org.apache.xmlbeans.metadata.system.sXMLCONFIG
[TRACE] 2023-12-07 22:23:26.600 [main] XBeanDebug - Reading unresolved handles for type system org.apache.poi.schemas.ooxml.system.ooxml
[TRACE] 2023-12-07 22:23:26.721 [main] XBeanDebug - Finished loading type system org.apache.poi.schemas.ooxml.system.ooxml
[TRACE] 2023-12-07 22:23:26.723 [main] XBeanDebug - Resolving type for handle themefd26doctype
[TRACE] 2023-12-07 22:23:26.828 [main] XBeanDebug - Resolving type for handle stylesheet5d8bdoctype
[TRACE] 2023-12-07 22:23:26.859 [main] XBeanDebug - Resolving type for handle ctstylesheet4257type
[TRACE] 2023-12-07 22:23:26.868 [main] XBeanDebug - Resolving type for handle ctnumfmtsb58btype
[TRACE] 2023-12-07 22:23:26.873 [main] XBeanDebug - Resolving type for handle ctnumfmt3870type
[TRACE] 2023-12-07 22:23:26.876 [main] XBeanDebug - Resolving type for handle stnumfmtid76fbtype
[TRACE] 2023-12-07 22:23:26.889 [main] XBeanDebug - Resolving type for handle stxstringf179type
[TRACE] 2023-12-07 22:23:26.893 [main] XBeanDebug - Resolving type for handle ctfonts6623type
[TRACE] 2023-12-07 22:23:26.898 [main] XBeanDebug - Resolving type for handle ctfont14d8type
[TRACE] 2023-12-07 22:23:26.907 [main] XBeanDebug - Resolving type for handle ctfills2c6ftype
[TRACE] 2023-12-07 22:23:26.910 [main] XBeanDebug - Resolving type for handle ctfill550ctype
[TRACE] 2023-12-07 22:23:26.914 [main] XBeanDebug - Resolving type for handle ctborders0d66type
[TRACE] 2023-12-07 22:23:26.917 [main] XBeanDebug - Resolving type for handle ctborderf935type
[TRACE] 2023-12-07 22:23:26.922 [main] XBeanDebug - Resolving type for handle ctcellxfs1322type
[TRACE] 2023-12-07 22:23:26.926 [main] XBeanDebug - Resolving type for handle ctxf97f7type
[TRACE] 2023-12-07 22:23:26.932 [main] XBeanDebug - Resolving type for handle ctcellstylexfsa81ftype
[TRACE] 2023-12-07 22:23:26.936 [main] XBeanDebug - Resolving type for handle cttablestyles872ftype
[TRACE] 2023-12-07 22:23:26.941 [main] XBeanDebug - Resolving type for handle sstf81fdoctype
[TRACE] 2023-12-07 22:23:26.948 [main] XBeanDebug - Resolving type for handle ctsst44f3type
[TRACE] 2023-12-07 22:23:26.955 [main] XBeanDebug - Resolving type for handle ctrsta472type
[TRACE] 2023-12-07 22:23:26.977 [main] XBeanDebug - Resolving type for handle workbookec17doctype
[TRACE] 2023-12-07 22:23:26.985 [main] XBeanDebug - Resolving type for handle ctworkbook83c3type
[TRACE] 2023-12-07 22:23:26.991 [main] XBeanDebug - Resolving type for handle ctsheets49fdtype
[TRACE] 2023-12-07 22:23:26.993 [main] XBeanDebug - Resolving type for handle ctsheet4dbetype
[TRACE] 2023-12-07 22:23:26.996 [main] XBeanDebug - Resolving type for handle strelationshipid1e94type
[TRACE] 2023-12-07 22:23:26.999 [main] XBeanDebug - Resolving type for handle worksheetf539doctype
[TRACE] 2023-12-07 22:23:27.043 [main] XBeanDebug - Resolving type for handle ctworksheet530dtype
[TRACE] 2023-12-07 22:23:27.061 [main] XBeanDebug - Resolving type for handle ctcols627ctype
[TRACE] 2023-12-07 22:23:27.073 [main] XBeanDebug - Resolving type for handle ctcola95ftype
[TRACE] 2023-12-07 22:23:27.102 [main] XBeanDebug - Resolving type for handle ctsheetdata8408type
[TRACE] 2023-12-07 22:23:27.108 [main] XBeanDebug - Resolving type for handle ctrowdd39type
[TRACE] 2023-12-07 22:23:27.120 [main] XBeanDebug - Resolving type for handle ctcell842btype
[TRACE] 2023-12-07 22:23:27.133 [main] XBeanDebug - Resolving type for handle stcellrefe4e0type
[TRACE] 2023-12-07 22:23:27.257 [main] XBeanDebug - Resolving type for handle ctdefinednamesce48type
[TRACE] 2023-12-07 22:23:27.262 [main] XBeanDebug - Resolving type for handle ctdefinedname9413type
[DEBUG] 2023-12-07 22:23:27.298 [main] PackageRelationshipCollection - Parsing relationship: /xl/_rels/workbook.xml.rels
[DEBUG] 2023-12-07 22:23:27.300 [main] PackageRelationshipCollection - Parsing relationship: /_rels/.rels
[TRACE] 2023-12-07 22:23:27.528 [main] XBeanDebug - Resolving type for handle stcelltypebf95type
[DEBUG] 2023-12-07 22:23:27.565 [main] PackageRelationshipCollection - Parsing relationship: /xl/_rels/workbook.xml.rels
[DEBUG] 2023-12-07 22:23:27.567 [main] PackageRelationshipCollection - Parsing relationship: /_rels/.rels
