[DEBUG] 2023-12-08 10:53:49.508 [main] PackageRelationshipCollection - Parsing relationship: /xl/_rels/workbook.xml.rels
[DEBUG] 2023-12-08 10:53:49.570 [main] PackageRelationshipCollection - Parsing relationship: /_rels/.rels
[TRACE] 2023-12-08 10:53:49.860 [main] XBeanDebug - Loading type system org.apache.poi.schemas.ooxml.system.ooxml
[TRACE] 2023-12-08 10:53:49.865 [main] XBeanDebug - Loading type system org.apache.xmlbeans.metadata.system.sXMLCONFIG
[TRACE] 2023-12-08 10:53:49.868 [main] XBeanDebug - Loading type system org.apache.xmlbeans.metadata.system.sXMLLANG
[TRACE] 2023-12-08 10:53:49.869 [main] XBeanDebug - Loading type system org.apache.xmlbeans.metadata.system.sXMLSCHEMA
[TRACE] 2023-12-08 10:53:49.871 [main] XBeanDebug - Loading type system org.apache.xmlbeans.metadata.system.sXMLTOOLS
[TRACE] 2023-12-08 10:53:49.873 [main] XBeanDebug - Reading unresolved handles for type system org.apache.xmlbeans.metadata.system.sXMLTOOLS
[TRACE] 2023-12-08 10:53:49.901 [main] XBeanDebug - Finished loading type system org.apache.xmlbeans.metadata.system.sXMLTOOLS
[TRACE] 2023-12-08 10:53:49.903 [main] XBeanDebug - Reading unresolved handles for type system org.apache.xmlbeans.metadata.system.sXMLSCHEMA
[TRACE] 2023-12-08 10:53:49.916 [main] XBeanDebug - Finished loading type system org.apache.xmlbeans.metadata.system.sXMLSCHEMA
[TRACE] 2023-12-08 10:53:49.918 [main] XBeanDebug - Reading unresolved handles for type system org.apache.xmlbeans.metadata.system.sXMLLANG
[TRACE] 2023-12-08 10:53:49.920 [main] XBeanDebug - Finished loading type system org.apache.xmlbeans.metadata.system.sXMLLANG
[TRACE] 2023-12-08 10:53:49.922 [main] XBeanDebug - Reading unresolved handles for type system org.apache.xmlbeans.metadata.system.sXMLCONFIG
[TRACE] 2023-12-08 10:53:49.924 [main] XBeanDebug - Finished loading type system org.apache.xmlbeans.metadata.system.sXMLCONFIG
[TRACE] 2023-12-08 10:53:49.926 [main] XBeanDebug - Reading unresolved handles for type system org.apache.poi.schemas.ooxml.system.ooxml
[TRACE] 2023-12-08 10:53:50.066 [main] XBeanDebug - Finished loading type system org.apache.poi.schemas.ooxml.system.ooxml
[TRACE] 2023-12-08 10:53:50.068 [main] XBeanDebug - Resolving type for handle themefd26doctype
[TRACE] 2023-12-08 10:53:50.172 [main] XBeanDebug - Resolving type for handle stylesheet5d8bdoctype
[TRACE] 2023-12-08 10:53:50.208 [main] XBeanDebug - Resolving type for handle ctstylesheet4257type
[TRACE] 2023-12-08 10:53:50.227 [main] XBeanDebug - Resolving type for handle ctnumfmtsb58btype
[TRACE] 2023-12-08 10:53:50.234 [main] XBeanDebug - Resolving type for handle ctnumfmt3870type
[TRACE] 2023-12-08 10:53:50.238 [main] XBeanDebug - Resolving type for handle stnumfmtid76fbtype
[TRACE] 2023-12-08 10:53:50.251 [main] XBeanDebug - Resolving type for handle stxstringf179type
[TRACE] 2023-12-08 10:53:50.255 [main] XBeanDebug - Resolving type for handle ctfonts6623type
[TRACE] 2023-12-08 10:53:50.259 [main] XBeanDebug - Resolving type for handle ctfont14d8type
[TRACE] 2023-12-08 10:53:50.268 [main] XBeanDebug - Resolving type for handle ctfills2c6ftype
[TRACE] 2023-12-08 10:53:50.271 [main] XBeanDebug - Resolving type for handle ctfill550ctype
[TRACE] 2023-12-08 10:53:50.275 [main] XBeanDebug - Resolving type for handle ctborders0d66type
[TRACE] 2023-12-08 10:53:50.278 [main] XBeanDebug - Resolving type for handle ctborderf935type
[TRACE] 2023-12-08 10:53:50.282 [main] XBeanDebug - Resolving type for handle ctcellxfs1322type
[TRACE] 2023-12-08 10:53:50.285 [main] XBeanDebug - Resolving type for handle ctxf97f7type
[TRACE] 2023-12-08 10:53:50.289 [main] XBeanDebug - Resolving type for handle ctcellstylexfsa81ftype
[TRACE] 2023-12-08 10:53:50.293 [main] XBeanDebug - Resolving type for handle cttablestyles872ftype
[TRACE] 2023-12-08 10:53:50.299 [main] XBeanDebug - Resolving type for handle sstf81fdoctype
[TRACE] 2023-12-08 10:53:50.308 [main] XBeanDebug - Resolving type for handle ctsst44f3type
[TRACE] 2023-12-08 10:53:50.314 [main] XBeanDebug - Resolving type for handle ctrsta472type
[TRACE] 2023-12-08 10:53:50.344 [main] XBeanDebug - Resolving type for handle workbookec17doctype
[TRACE] 2023-12-08 10:53:50.355 [main] XBeanDebug - Resolving type for handle ctworkbook83c3type
[TRACE] 2023-12-08 10:53:50.364 [main] XBeanDebug - Resolving type for handle ctsheets49fdtype
[TRACE] 2023-12-08 10:53:50.368 [main] XBeanDebug - Resolving type for handle ctsheet4dbetype
[TRACE] 2023-12-08 10:53:50.372 [main] XBeanDebug - Resolving type for handle strelationshipid1e94type
[TRACE] 2023-12-08 10:53:50.376 [main] XBeanDebug - Resolving type for handle worksheetf539doctype
[TRACE] 2023-12-08 10:53:50.425 [main] XBeanDebug - Resolving type for handle ctworksheet530dtype
[TRACE] 2023-12-08 10:53:50.444 [main] XBeanDebug - Resolving type for handle ctcols627ctype
[TRACE] 2023-12-08 10:53:50.456 [main] XBeanDebug - Resolving type for handle ctcola95ftype
[TRACE] 2023-12-08 10:53:50.483 [main] XBeanDebug - Resolving type for handle ctsheetdata8408type
[TRACE] 2023-12-08 10:53:50.487 [main] XBeanDebug - Resolving type for handle ctrowdd39type
[TRACE] 2023-12-08 10:53:50.497 [main] XBeanDebug - Resolving type for handle ctcell842btype
[TRACE] 2023-12-08 10:53:50.506 [main] XBeanDebug - Resolving type for handle stcellrefe4e0type
[TRACE] 2023-12-08 10:53:50.625 [main] XBeanDebug - Resolving type for handle ctdefinednamesce48type
[TRACE] 2023-12-08 10:53:50.631 [main] XBeanDebug - Resolving type for handle ctdefinedname9413type
[TRACE] 2023-12-08 10:53:50.640 [main] XBeanDebug - Resolving type for handle stcelltypebf95type
[DEBUG] 2023-12-08 10:53:50.713 [main] PackageRelationshipCollection - Parsing relationship: /xl/_rels/workbook.xml.rels
[DEBUG] 2023-12-08 10:53:50.715 [main] PackageRelationshipCollection - Parsing relationship: /_rels/.rels
[DEBUG] 2023-12-08 10:54:18.998 [main] PackageRelationshipCollection - Parsing relationship: /xl/_rels/workbook.xml.rels
[DEBUG] 2023-12-08 10:54:19.007 [main] PackageRelationshipCollection - Parsing relationship: /_rels/.rels
[TRACE] 2023-12-08 10:54:19.276 [main] XBeanDebug - Loading type system org.apache.poi.schemas.ooxml.system.ooxml
[TRACE] 2023-12-08 10:54:19.282 [main] XBeanDebug - Loading type system org.apache.xmlbeans.metadata.system.sXMLCONFIG
[TRACE] 2023-12-08 10:54:19.284 [main] XBeanDebug - Loading type system org.apache.xmlbeans.metadata.system.sXMLLANG
[TRACE] 2023-12-08 10:54:19.285 [main] XBeanDebug - Loading type system org.apache.xmlbeans.metadata.system.sXMLSCHEMA
[TRACE] 2023-12-08 10:54:19.286 [main] XBeanDebug - Loading type system org.apache.xmlbeans.metadata.system.sXMLTOOLS
[TRACE] 2023-12-08 10:54:19.288 [main] XBeanDebug - Reading unresolved handles for type system org.apache.xmlbeans.metadata.system.sXMLTOOLS
[TRACE] 2023-12-08 10:54:19.320 [main] XBeanDebug - Finished loading type system org.apache.xmlbeans.metadata.system.sXMLTOOLS
[TRACE] 2023-12-08 10:54:19.322 [main] XBeanDebug - Reading unresolved handles for type system org.apache.xmlbeans.metadata.system.sXMLSCHEMA
[TRACE] 2023-12-08 10:54:19.335 [main] XBeanDebug - Finished loading type system org.apache.xmlbeans.metadata.system.sXMLSCHEMA
[TRACE] 2023-12-08 10:54:19.337 [main] XBeanDebug - Reading unresolved handles for type system org.apache.xmlbeans.metadata.system.sXMLLANG
[TRACE] 2023-12-08 10:54:19.339 [main] XBeanDebug - Finished loading type system org.apache.xmlbeans.metadata.system.sXMLLANG
[TRACE] 2023-12-08 10:54:19.341 [main] XBeanDebug - Reading unresolved handles for type system org.apache.xmlbeans.metadata.system.sXMLCONFIG
[TRACE] 2023-12-08 10:54:19.344 [main] XBeanDebug - Finished loading type system org.apache.xmlbeans.metadata.system.sXMLCONFIG
[TRACE] 2023-12-08 10:54:19.346 [main] XBeanDebug - Reading unresolved handles for type system org.apache.poi.schemas.ooxml.system.ooxml
[TRACE] 2023-12-08 10:54:19.539 [main] XBeanDebug - Finished loading type system org.apache.poi.schemas.ooxml.system.ooxml
[TRACE] 2023-12-08 10:54:19.542 [main] XBeanDebug - Resolving type for handle themefd26doctype
[TRACE] 2023-12-08 10:54:19.677 [main] XBeanDebug - Resolving type for handle stylesheet5d8bdoctype
[TRACE] 2023-12-08 10:54:19.714 [main] XBeanDebug - Resolving type for handle ctstylesheet4257type
[TRACE] 2023-12-08 10:54:19.722 [main] XBeanDebug - Resolving type for handle ctnumfmtsb58btype
[TRACE] 2023-12-08 10:54:19.727 [main] XBeanDebug - Resolving type for handle ctnumfmt3870type
[TRACE] 2023-12-08 10:54:19.730 [main] XBeanDebug - Resolving type for handle stnumfmtid76fbtype
[TRACE] 2023-12-08 10:54:19.769 [main] XBeanDebug - Resolving type for handle stxstringf179type
[TRACE] 2023-12-08 10:54:19.775 [main] XBeanDebug - Resolving type for handle ctfonts6623type
[TRACE] 2023-12-08 10:54:19.780 [main] XBeanDebug - Resolving type for handle ctfont14d8type
[TRACE] 2023-12-08 10:54:19.793 [main] XBeanDebug - Resolving type for handle ctfills2c6ftype
[TRACE] 2023-12-08 10:54:19.796 [main] XBeanDebug - Resolving type for handle ctfill550ctype
[TRACE] 2023-12-08 10:54:19.800 [main] XBeanDebug - Resolving type for handle ctborders0d66type
[TRACE] 2023-12-08 10:54:19.803 [main] XBeanDebug - Resolving type for handle ctborderf935type
[TRACE] 2023-12-08 10:54:19.808 [main] XBeanDebug - Resolving type for handle ctcellxfs1322type
[TRACE] 2023-12-08 10:54:19.812 [main] XBeanDebug - Resolving type for handle ctxf97f7type
[TRACE] 2023-12-08 10:54:19.817 [main] XBeanDebug - Resolving type for handle ctcellstylexfsa81ftype
[TRACE] 2023-12-08 10:54:19.821 [main] XBeanDebug - Resolving type for handle cttablestyles872ftype
[TRACE] 2023-12-08 10:54:19.825 [main] XBeanDebug - Resolving type for handle sstf81fdoctype
[TRACE] 2023-12-08 10:54:19.833 [main] XBeanDebug - Resolving type for handle ctsst44f3type
[TRACE] 2023-12-08 10:54:19.839 [main] XBeanDebug - Resolving type for handle ctrsta472type
[TRACE] 2023-12-08 10:54:19.865 [main] XBeanDebug - Resolving type for handle workbookec17doctype
[TRACE] 2023-12-08 10:54:19.872 [main] XBeanDebug - Resolving type for handle ctworkbook83c3type
[TRACE] 2023-12-08 10:54:19.878 [main] XBeanDebug - Resolving type for handle ctsheets49fdtype
[TRACE] 2023-12-08 10:54:19.881 [main] XBeanDebug - Resolving type for handle ctsheet4dbetype
[TRACE] 2023-12-08 10:54:19.884 [main] XBeanDebug - Resolving type for handle strelationshipid1e94type
[TRACE] 2023-12-08 10:54:19.887 [main] XBeanDebug - Resolving type for handle worksheetf539doctype
[TRACE] 2023-12-08 10:54:19.936 [main] XBeanDebug - Resolving type for handle ctworksheet530dtype
[TRACE] 2023-12-08 10:54:19.954 [main] XBeanDebug - Resolving type for handle ctcols627ctype
[TRACE] 2023-12-08 10:54:19.965 [main] XBeanDebug - Resolving type for handle ctcola95ftype
[TRACE] 2023-12-08 10:54:19.990 [main] XBeanDebug - Resolving type for handle ctsheetdata8408type
[TRACE] 2023-12-08 10:54:19.994 [main] XBeanDebug - Resolving type for handle ctrowdd39type
[TRACE] 2023-12-08 10:54:20.006 [main] XBeanDebug - Resolving type for handle ctcell842btype
[TRACE] 2023-12-08 10:54:20.016 [main] XBeanDebug - Resolving type for handle stcellrefe4e0type
[TRACE] 2023-12-08 10:54:20.152 [main] XBeanDebug - Resolving type for handle ctdefinednamesce48type
[TRACE] 2023-12-08 10:54:20.158 [main] XBeanDebug - Resolving type for handle ctdefinedname9413type
[TRACE] 2023-12-08 10:54:20.168 [main] XBeanDebug - Resolving type for handle stcelltypebf95type
[DEBUG] 2023-12-08 10:54:20.208 [main] PackageRelationshipCollection - Parsing relationship: /xl/_rels/workbook.xml.rels
[DEBUG] 2023-12-08 10:54:20.210 [main] PackageRelationshipCollection - Parsing relationship: /_rels/.rels
[DEBUG] 2023-12-08 10:55:43.894 [main] PackageRelationshipCollection - Parsing relationship: /xl/_rels/workbook.xml.rels
[DEBUG] 2023-12-08 10:55:43.904 [main] PackageRelationshipCollection - Parsing relationship: /_rels/.rels
[TRACE] 2023-12-08 10:55:44.161 [main] XBeanDebug - Loading type system org.apache.poi.schemas.ooxml.system.ooxml
[TRACE] 2023-12-08 10:55:44.166 [main] XBeanDebug - Loading type system org.apache.xmlbeans.metadata.system.sXMLCONFIG
[TRACE] 2023-12-08 10:55:44.168 [main] XBeanDebug - Loading type system org.apache.xmlbeans.metadata.system.sXMLLANG
[TRACE] 2023-12-08 10:55:44.169 [main] XBeanDebug - Loading type system org.apache.xmlbeans.metadata.system.sXMLSCHEMA
[TRACE] 2023-12-08 10:55:44.170 [main] XBeanDebug - Loading type system org.apache.xmlbeans.metadata.system.sXMLTOOLS
[TRACE] 2023-12-08 10:55:44.172 [main] XBeanDebug - Reading unresolved handles for type system org.apache.xmlbeans.metadata.system.sXMLTOOLS
[TRACE] 2023-12-08 10:55:44.196 [main] XBeanDebug - Finished loading type system org.apache.xmlbeans.metadata.system.sXMLTOOLS
[TRACE] 2023-12-08 10:55:44.198 [main] XBeanDebug - Reading unresolved handles for type system org.apache.xmlbeans.metadata.system.sXMLSCHEMA
[TRACE] 2023-12-08 10:55:44.209 [main] XBeanDebug - Finished loading type system org.apache.xmlbeans.metadata.system.sXMLSCHEMA
[TRACE] 2023-12-08 10:55:44.211 [main] XBeanDebug - Reading unresolved handles for type system org.apache.xmlbeans.metadata.system.sXMLLANG
[TRACE] 2023-12-08 10:55:44.213 [main] XBeanDebug - Finished loading type system org.apache.xmlbeans.metadata.system.sXMLLANG
[TRACE] 2023-12-08 10:55:44.215 [main] XBeanDebug - Reading unresolved handles for type system org.apache.xmlbeans.metadata.system.sXMLCONFIG
[TRACE] 2023-12-08 10:55:44.216 [main] XBeanDebug - Finished loading type system org.apache.xmlbeans.metadata.system.sXMLCONFIG
[TRACE] 2023-12-08 10:55:44.218 [main] XBeanDebug - Reading unresolved handles for type system org.apache.poi.schemas.ooxml.system.ooxml
[TRACE] 2023-12-08 10:55:44.330 [main] XBeanDebug - Finished loading type system org.apache.poi.schemas.ooxml.system.ooxml
[TRACE] 2023-12-08 10:55:44.332 [main] XBeanDebug - Resolving type for handle themefd26doctype
[TRACE] 2023-12-08 10:55:44.447 [main] XBeanDebug - Resolving type for handle stylesheet5d8bdoctype
[TRACE] 2023-12-08 10:55:44.480 [main] XBeanDebug - Resolving type for handle ctstylesheet4257type
[TRACE] 2023-12-08 10:55:44.487 [main] XBeanDebug - Resolving type for handle ctnumfmtsb58btype
[TRACE] 2023-12-08 10:55:44.490 [main] XBeanDebug - Resolving type for handle ctnumfmt3870type
[TRACE] 2023-12-08 10:55:44.493 [main] XBeanDebug - Resolving type for handle stnumfmtid76fbtype
[TRACE] 2023-12-08 10:55:44.517 [main] XBeanDebug - Resolving type for handle stxstringf179type
[TRACE] 2023-12-08 10:55:44.522 [main] XBeanDebug - Resolving type for handle ctfonts6623type
[TRACE] 2023-12-08 10:55:44.529 [main] XBeanDebug - Resolving type for handle ctfont14d8type
[TRACE] 2023-12-08 10:55:44.540 [main] XBeanDebug - Resolving type for handle ctfills2c6ftype
[TRACE] 2023-12-08 10:55:44.544 [main] XBeanDebug - Resolving type for handle ctfill550ctype
[TRACE] 2023-12-08 10:55:44.547 [main] XBeanDebug - Resolving type for handle ctborders0d66type
[TRACE] 2023-12-08 10:55:44.550 [main] XBeanDebug - Resolving type for handle ctborderf935type
[TRACE] 2023-12-08 10:55:44.554 [main] XBeanDebug - Resolving type for handle ctcellxfs1322type
[TRACE] 2023-12-08 10:55:44.558 [main] XBeanDebug - Resolving type for handle ctxf97f7type
[TRACE] 2023-12-08 10:55:44.563 [main] XBeanDebug - Resolving type for handle ctcellstylexfsa81ftype
[TRACE] 2023-12-08 10:55:44.567 [main] XBeanDebug - Resolving type for handle cttablestyles872ftype
[TRACE] 2023-12-08 10:55:44.572 [main] XBeanDebug - Resolving type for handle sstf81fdoctype
[TRACE] 2023-12-08 10:55:44.579 [main] XBeanDebug - Resolving type for handle ctsst44f3type
[TRACE] 2023-12-08 10:55:44.585 [main] XBeanDebug - Resolving type for handle ctrsta472type
[TRACE] 2023-12-08 10:55:44.612 [main] XBeanDebug - Resolving type for handle workbookec17doctype
[TRACE] 2023-12-08 10:55:44.620 [main] XBeanDebug - Resolving type for handle ctworkbook83c3type
[TRACE] 2023-12-08 10:55:44.629 [main] XBeanDebug - Resolving type for handle ctsheets49fdtype
[TRACE] 2023-12-08 10:55:44.633 [main] XBeanDebug - Resolving type for handle ctsheet4dbetype
[TRACE] 2023-12-08 10:55:44.635 [main] XBeanDebug - Resolving type for handle strelationshipid1e94type
[TRACE] 2023-12-08 10:55:44.639 [main] XBeanDebug - Resolving type for handle worksheetf539doctype
[TRACE] 2023-12-08 10:55:44.691 [main] XBeanDebug - Resolving type for handle ctworksheet530dtype
[TRACE] 2023-12-08 10:55:44.709 [main] XBeanDebug - Resolving type for handle ctcols627ctype
[TRACE] 2023-12-08 10:55:44.720 [main] XBeanDebug - Resolving type for handle ctcola95ftype
[TRACE] 2023-12-08 10:55:44.747 [main] XBeanDebug - Resolving type for handle ctsheetdata8408type
[TRACE] 2023-12-08 10:55:44.751 [main] XBeanDebug - Resolving type for handle ctrowdd39type
[TRACE] 2023-12-08 10:55:44.765 [main] XBeanDebug - Resolving type for handle ctcell842btype
[TRACE] 2023-12-08 10:55:44.778 [main] XBeanDebug - Resolving type for handle stcellrefe4e0type
[TRACE] 2023-12-08 10:55:44.897 [main] XBeanDebug - Resolving type for handle ctdefinednamesce48type
[TRACE] 2023-12-08 10:55:44.902 [main] XBeanDebug - Resolving type for handle ctdefinedname9413type
[TRACE] 2023-12-08 10:55:44.912 [main] XBeanDebug - Resolving type for handle stcelltypebf95type
[DEBUG] 2023-12-08 10:55:44.948 [main] PackageRelationshipCollection - Parsing relationship: /xl/_rels/workbook.xml.rels
[DEBUG] 2023-12-08 10:55:44.951 [main] PackageRelationshipCollection - Parsing relationship: /_rels/.rels
[DEBUG] 2023-12-08 10:58:07.548 [main] PackageRelationshipCollection - Parsing relationship: /xl/_rels/workbook.xml.rels
[DEBUG] 2023-12-08 10:58:07.557 [main] PackageRelationshipCollection - Parsing relationship: /_rels/.rels
[TRACE] 2023-12-08 10:58:07.818 [main] XBeanDebug - Loading type system org.apache.poi.schemas.ooxml.system.ooxml
[TRACE] 2023-12-08 10:58:07.824 [main] XBeanDebug - Loading type system org.apache.xmlbeans.metadata.system.sXMLCONFIG
[TRACE] 2023-12-08 10:58:07.826 [main] XBeanDebug - Loading type system org.apache.xmlbeans.metadata.system.sXMLLANG
[TRACE] 2023-12-08 10:58:07.828 [main] XBeanDebug - Loading type system org.apache.xmlbeans.metadata.system.sXMLSCHEMA
[TRACE] 2023-12-08 10:58:07.829 [main] XBeanDebug - Loading type system org.apache.xmlbeans.metadata.system.sXMLTOOLS
[TRACE] 2023-12-08 10:58:07.831 [main] XBeanDebug - Reading unresolved handles for type system org.apache.xmlbeans.metadata.system.sXMLTOOLS
[TRACE] 2023-12-08 10:58:07.860 [main] XBeanDebug - Finished loading type system org.apache.xmlbeans.metadata.system.sXMLTOOLS
[TRACE] 2023-12-08 10:58:07.862 [main] XBeanDebug - Reading unresolved handles for type system org.apache.xmlbeans.metadata.system.sXMLSCHEMA
[TRACE] 2023-12-08 10:58:07.874 [main] XBeanDebug - Finished loading type system org.apache.xmlbeans.metadata.system.sXMLSCHEMA
[TRACE] 2023-12-08 10:58:07.876 [main] XBeanDebug - Reading unresolved handles for type system org.apache.xmlbeans.metadata.system.sXMLLANG
[TRACE] 2023-12-08 10:58:07.878 [main] XBeanDebug - Finished loading type system org.apache.xmlbeans.metadata.system.sXMLLANG
[TRACE] 2023-12-08 10:58:07.880 [main] XBeanDebug - Reading unresolved handles for type system org.apache.xmlbeans.metadata.system.sXMLCONFIG
[TRACE] 2023-12-08 10:58:07.881 [main] XBeanDebug - Finished loading type system org.apache.xmlbeans.metadata.system.sXMLCONFIG
[TRACE] 2023-12-08 10:58:07.883 [main] XBeanDebug - Reading unresolved handles for type system org.apache.poi.schemas.ooxml.system.ooxml
[TRACE] 2023-12-08 10:58:08.021 [main] XBeanDebug - Finished loading type system org.apache.poi.schemas.ooxml.system.ooxml
[TRACE] 2023-12-08 10:58:08.024 [main] XBeanDebug - Resolving type for handle themefd26doctype
[TRACE] 2023-12-08 10:58:08.139 [main] XBeanDebug - Resolving type for handle stylesheet5d8bdoctype
[TRACE] 2023-12-08 10:58:08.172 [main] XBeanDebug - Resolving type for handle ctstylesheet4257type
[TRACE] 2023-12-08 10:58:08.179 [main] XBeanDebug - Resolving type for handle ctnumfmtsb58btype
[TRACE] 2023-12-08 10:58:08.193 [main] XBeanDebug - Resolving type for handle ctnumfmt3870type
[TRACE] 2023-12-08 10:58:08.197 [main] XBeanDebug - Resolving type for handle stnumfmtid76fbtype
[TRACE] 2023-12-08 10:58:08.212 [main] XBeanDebug - Resolving type for handle stxstringf179type
[TRACE] 2023-12-08 10:58:08.216 [main] XBeanDebug - Resolving type for handle ctfonts6623type
[TRACE] 2023-12-08 10:58:08.219 [main] XBeanDebug - Resolving type for handle ctfont14d8type
[TRACE] 2023-12-08 10:58:08.228 [main] XBeanDebug - Resolving type for handle ctfills2c6ftype
[TRACE] 2023-12-08 10:58:08.232 [main] XBeanDebug - Resolving type for handle ctfill550ctype
[TRACE] 2023-12-08 10:58:08.236 [main] XBeanDebug - Resolving type for handle ctborders0d66type
[TRACE] 2023-12-08 10:58:08.239 [main] XBeanDebug - Resolving type for handle ctborderf935type
[TRACE] 2023-12-08 10:58:08.245 [main] XBeanDebug - Resolving type for handle ctcellxfs1322type
[TRACE] 2023-12-08 10:58:08.249 [main] XBeanDebug - Resolving type for handle ctxf97f7type
[TRACE] 2023-12-08 10:58:08.254 [main] XBeanDebug - Resolving type for handle ctcellstylexfsa81ftype
[TRACE] 2023-12-08 10:58:08.258 [main] XBeanDebug - Resolving type for handle cttablestyles872ftype
[TRACE] 2023-12-08 10:58:08.262 [main] XBeanDebug - Resolving type for handle sstf81fdoctype
[TRACE] 2023-12-08 10:58:08.269 [main] XBeanDebug - Resolving type for handle ctsst44f3type
[TRACE] 2023-12-08 10:58:08.275 [main] XBeanDebug - Resolving type for handle ctrsta472type
[TRACE] 2023-12-08 10:58:08.303 [main] XBeanDebug - Resolving type for handle workbookec17doctype
[TRACE] 2023-12-08 10:58:08.313 [main] XBeanDebug - Resolving type for handle ctworkbook83c3type
[TRACE] 2023-12-08 10:58:08.323 [main] XBeanDebug - Resolving type for handle ctsheets49fdtype
[TRACE] 2023-12-08 10:58:08.328 [main] XBeanDebug - Resolving type for handle ctsheet4dbetype
[TRACE] 2023-12-08 10:58:08.333 [main] XBeanDebug - Resolving type for handle strelationshipid1e94type
[TRACE] 2023-12-08 10:58:08.337 [main] XBeanDebug - Resolving type for handle worksheetf539doctype
[TRACE] 2023-12-08 10:58:08.399 [main] XBeanDebug - Resolving type for handle ctworksheet530dtype
[TRACE] 2023-12-08 10:58:08.419 [main] XBeanDebug - Resolving type for handle ctcols627ctype
[TRACE] 2023-12-08 10:58:08.430 [main] XBeanDebug - Resolving type for handle ctcola95ftype
[TRACE] 2023-12-08 10:58:08.460 [main] XBeanDebug - Resolving type for handle ctsheetdata8408type
[TRACE] 2023-12-08 10:58:08.466 [main] XBeanDebug - Resolving type for handle ctrowdd39type
[TRACE] 2023-12-08 10:58:08.478 [main] XBeanDebug - Resolving type for handle ctcell842btype
[TRACE] 2023-12-08 10:58:08.490 [main] XBeanDebug - Resolving type for handle stcellrefe4e0type
[TRACE] 2023-12-08 10:58:08.619 [main] XBeanDebug - Resolving type for handle ctdefinednamesce48type
[TRACE] 2023-12-08 10:58:08.624 [main] XBeanDebug - Resolving type for handle ctdefinedname9413type
[TRACE] 2023-12-08 10:58:08.633 [main] XBeanDebug - Resolving type for handle stcelltypebf95type
[DEBUG] 2023-12-08 10:58:08.668 [main] PackageRelationshipCollection - Parsing relationship: /xl/_rels/workbook.xml.rels
[DEBUG] 2023-12-08 10:58:08.672 [main] PackageRelationshipCollection - Parsing relationship: /_rels/.rels
[DEBUG] 2023-12-08 10:59:32.131 [main] PackageRelationshipCollection - Parsing relationship: /xl/_rels/workbook.xml.rels
[DEBUG] 2023-12-08 10:59:32.141 [main] PackageRelationshipCollection - Parsing relationship: /_rels/.rels
[TRACE] 2023-12-08 10:59:32.420 [main] XBeanDebug - Loading type system org.apache.poi.schemas.ooxml.system.ooxml
[TRACE] 2023-12-08 10:59:32.426 [main] XBeanDebug - Loading type system org.apache.xmlbeans.metadata.system.sXMLCONFIG
[TRACE] 2023-12-08 10:59:32.428 [main] XBeanDebug - Loading type system org.apache.xmlbeans.metadata.system.sXMLLANG
[TRACE] 2023-12-08 10:59:32.429 [main] XBeanDebug - Loading type system org.apache.xmlbeans.metadata.system.sXMLSCHEMA
[TRACE] 2023-12-08 10:59:32.430 [main] XBeanDebug - Loading type system org.apache.xmlbeans.metadata.system.sXMLTOOLS
[TRACE] 2023-12-08 10:59:32.432 [main] XBeanDebug - Reading unresolved handles for type system org.apache.xmlbeans.metadata.system.sXMLTOOLS
[TRACE] 2023-12-08 10:59:32.455 [main] XBeanDebug - Finished loading type system org.apache.xmlbeans.metadata.system.sXMLTOOLS
[TRACE] 2023-12-08 10:59:32.457 [main] XBeanDebug - Reading unresolved handles for type system org.apache.xmlbeans.metadata.system.sXMLSCHEMA
[TRACE] 2023-12-08 10:59:32.467 [main] XBeanDebug - Finished loading type system org.apache.xmlbeans.metadata.system.sXMLSCHEMA
[TRACE] 2023-12-08 10:59:32.469 [main] XBeanDebug - Reading unresolved handles for type system org.apache.xmlbeans.metadata.system.sXMLLANG
[TRACE] 2023-12-08 10:59:32.471 [main] XBeanDebug - Finished loading type system org.apache.xmlbeans.metadata.system.sXMLLANG
[TRACE] 2023-12-08 10:59:32.473 [main] XBeanDebug - Reading unresolved handles for type system org.apache.xmlbeans.metadata.system.sXMLCONFIG
[TRACE] 2023-12-08 10:59:32.475 [main] XBeanDebug - Finished loading type system org.apache.xmlbeans.metadata.system.sXMLCONFIG
[TRACE] 2023-12-08 10:59:32.476 [main] XBeanDebug - Reading unresolved handles for type system org.apache.poi.schemas.ooxml.system.ooxml
[TRACE] 2023-12-08 10:59:32.582 [main] XBeanDebug - Finished loading type system org.apache.poi.schemas.ooxml.system.ooxml
[TRACE] 2023-12-08 10:59:32.583 [main] XBeanDebug - Resolving type for handle themefd26doctype
[TRACE] 2023-12-08 10:59:32.691 [main] XBeanDebug - Resolving type for handle stylesheet5d8bdoctype
[TRACE] 2023-12-08 10:59:32.732 [main] XBeanDebug - Resolving type for handle ctstylesheet4257type
[TRACE] 2023-12-08 10:59:32.744 [main] XBeanDebug - Resolving type for handle ctnumfmtsb58btype
[TRACE] 2023-12-08 10:59:32.748 [main] XBeanDebug - Resolving type for handle ctnumfmt3870type
[TRACE] 2023-12-08 10:59:32.751 [main] XBeanDebug - Resolving type for handle stnumfmtid76fbtype
[TRACE] 2023-12-08 10:59:32.776 [main] XBeanDebug - Resolving type for handle stxstringf179type
[TRACE] 2023-12-08 10:59:32.781 [main] XBeanDebug - Resolving type for handle ctfonts6623type
[TRACE] 2023-12-08 10:59:32.787 [main] XBeanDebug - Resolving type for handle ctfont14d8type
[TRACE] 2023-12-08 10:59:32.796 [main] XBeanDebug - Resolving type for handle ctfills2c6ftype
[TRACE] 2023-12-08 10:59:32.799 [main] XBeanDebug - Resolving type for handle ctfill550ctype
[TRACE] 2023-12-08 10:59:32.803 [main] XBeanDebug - Resolving type for handle ctborders0d66type
[TRACE] 2023-12-08 10:59:32.807 [main] XBeanDebug - Resolving type for handle ctborderf935type
[TRACE] 2023-12-08 10:59:32.812 [main] XBeanDebug - Resolving type for handle ctcellxfs1322type
[TRACE] 2023-12-08 10:59:32.815 [main] XBeanDebug - Resolving type for handle ctxf97f7type
[TRACE] 2023-12-08 10:59:32.820 [main] XBeanDebug - Resolving type for handle ctcellstylexfsa81ftype
[TRACE] 2023-12-08 10:59:32.823 [main] XBeanDebug - Resolving type for handle cttablestyles872ftype
[TRACE] 2023-12-08 10:59:32.827 [main] XBeanDebug - Resolving type for handle sstf81fdoctype
[TRACE] 2023-12-08 10:59:32.833 [main] XBeanDebug - Resolving type for handle ctsst44f3type
[TRACE] 2023-12-08 10:59:32.839 [main] XBeanDebug - Resolving type for handle ctrsta472type
[TRACE] 2023-12-08 10:59:32.866 [main] XBeanDebug - Resolving type for handle workbookec17doctype
[TRACE] 2023-12-08 10:59:32.876 [main] XBeanDebug - Resolving type for handle ctworkbook83c3type
[TRACE] 2023-12-08 10:59:32.885 [main] XBeanDebug - Resolving type for handle ctsheets49fdtype
[TRACE] 2023-12-08 10:59:32.890 [main] XBeanDebug - Resolving type for handle ctsheet4dbetype
[TRACE] 2023-12-08 10:59:32.894 [main] XBeanDebug - Resolving type for handle strelationshipid1e94type
[TRACE] 2023-12-08 10:59:32.898 [main] XBeanDebug - Resolving type for handle worksheetf539doctype
[TRACE] 2023-12-08 10:59:32.952 [main] XBeanDebug - Resolving type for handle ctworksheet530dtype
[TRACE] 2023-12-08 10:59:32.968 [main] XBeanDebug - Resolving type for handle ctcols627ctype
[TRACE] 2023-12-08 10:59:32.979 [main] XBeanDebug - Resolving type for handle ctcola95ftype
[TRACE] 2023-12-08 10:59:33.004 [main] XBeanDebug - Resolving type for handle ctsheetdata8408type
[TRACE] 2023-12-08 10:59:33.009 [main] XBeanDebug - Resolving type for handle ctrowdd39type
[TRACE] 2023-12-08 10:59:33.020 [main] XBeanDebug - Resolving type for handle ctcell842btype
[TRACE] 2023-12-08 10:59:33.030 [main] XBeanDebug - Resolving type for handle stcellrefe4e0type
[TRACE] 2023-12-08 10:59:33.155 [main] XBeanDebug - Resolving type for handle ctdefinednamesce48type
[TRACE] 2023-12-08 10:59:33.160 [main] XBeanDebug - Resolving type for handle ctdefinedname9413type
[TRACE] 2023-12-08 10:59:33.167 [main] XBeanDebug - Resolving type for handle stcelltypebf95type
[DEBUG] 2023-12-08 10:59:33.200 [main] PackageRelationshipCollection - Parsing relationship: /xl/_rels/workbook.xml.rels
[DEBUG] 2023-12-08 10:59:33.203 [main] PackageRelationshipCollection - Parsing relationship: /_rels/.rels
[DEBUG] 2023-12-08 11:00:19.104 [main] PackageRelationshipCollection - Parsing relationship: /xl/_rels/workbook.xml.rels
[DEBUG] 2023-12-08 11:00:19.113 [main] PackageRelationshipCollection - Parsing relationship: /_rels/.rels
[TRACE] 2023-12-08 11:00:19.368 [main] XBeanDebug - Loading type system org.apache.poi.schemas.ooxml.system.ooxml
[TRACE] 2023-12-08 11:00:19.372 [main] XBeanDebug - Loading type system org.apache.xmlbeans.metadata.system.sXMLCONFIG
[TRACE] 2023-12-08 11:00:19.374 [main] XBeanDebug - Loading type system org.apache.xmlbeans.metadata.system.sXMLLANG
[TRACE] 2023-12-08 11:00:19.375 [main] XBeanDebug - Loading type system org.apache.xmlbeans.metadata.system.sXMLSCHEMA
[TRACE] 2023-12-08 11:00:19.376 [main] XBeanDebug - Loading type system org.apache.xmlbeans.metadata.system.sXMLTOOLS
[TRACE] 2023-12-08 11:00:19.378 [main] XBeanDebug - Reading unresolved handles for type system org.apache.xmlbeans.metadata.system.sXMLTOOLS
[TRACE] 2023-12-08 11:00:19.406 [main] XBeanDebug - Finished loading type system org.apache.xmlbeans.metadata.system.sXMLTOOLS
[TRACE] 2023-12-08 11:00:19.407 [main] XBeanDebug - Reading unresolved handles for type system org.apache.xmlbeans.metadata.system.sXMLSCHEMA
[TRACE] 2023-12-08 11:00:19.419 [main] XBeanDebug - Finished loading type system org.apache.xmlbeans.metadata.system.sXMLSCHEMA
[TRACE] 2023-12-08 11:00:19.421 [main] XBeanDebug - Reading unresolved handles for type system org.apache.xmlbeans.metadata.system.sXMLLANG
[TRACE] 2023-12-08 11:00:19.422 [main] XBeanDebug - Finished loading type system org.apache.xmlbeans.metadata.system.sXMLLANG
[TRACE] 2023-12-08 11:00:19.424 [main] XBeanDebug - Reading unresolved handles for type system org.apache.xmlbeans.metadata.system.sXMLCONFIG
[TRACE] 2023-12-08 11:00:19.427 [main] XBeanDebug - Finished loading type system org.apache.xmlbeans.metadata.system.sXMLCONFIG
[TRACE] 2023-12-08 11:00:19.428 [main] XBeanDebug - Reading unresolved handles for type system org.apache.poi.schemas.ooxml.system.ooxml
[TRACE] 2023-12-08 11:00:19.557 [main] XBeanDebug - Finished loading type system org.apache.poi.schemas.ooxml.system.ooxml
[TRACE] 2023-12-08 11:00:19.559 [main] XBeanDebug - Resolving type for handle themefd26doctype
[TRACE] 2023-12-08 11:00:19.657 [main] XBeanDebug - Resolving type for handle stylesheet5d8bdoctype
[TRACE] 2023-12-08 11:00:19.694 [main] XBeanDebug - Resolving type for handle ctstylesheet4257type
[TRACE] 2023-12-08 11:00:19.701 [main] XBeanDebug - Resolving type for handle ctnumfmtsb58btype
[TRACE] 2023-12-08 11:00:19.721 [main] XBeanDebug - Resolving type for handle ctnumfmt3870type
[TRACE] 2023-12-08 11:00:19.725 [main] XBeanDebug - Resolving type for handle stnumfmtid76fbtype
[TRACE] 2023-12-08 11:00:19.741 [main] XBeanDebug - Resolving type for handle stxstringf179type
[TRACE] 2023-12-08 11:00:19.745 [main] XBeanDebug - Resolving type for handle ctfonts6623type
[TRACE] 2023-12-08 11:00:19.748 [main] XBeanDebug - Resolving type for handle ctfont14d8type
[TRACE] 2023-12-08 11:00:19.758 [main] XBeanDebug - Resolving type for handle ctfills2c6ftype
[TRACE] 2023-12-08 11:00:19.762 [main] XBeanDebug - Resolving type for handle ctfill550ctype
[TRACE] 2023-12-08 11:00:19.765 [main] XBeanDebug - Resolving type for handle ctborders0d66type
[TRACE] 2023-12-08 11:00:19.769 [main] XBeanDebug - Resolving type for handle ctborderf935type
[TRACE] 2023-12-08 11:00:19.773 [main] XBeanDebug - Resolving type for handle ctcellxfs1322type
[TRACE] 2023-12-08 11:00:19.777 [main] XBeanDebug - Resolving type for handle ctxf97f7type
[TRACE] 2023-12-08 11:00:19.781 [main] XBeanDebug - Resolving type for handle ctcellstylexfsa81ftype
[TRACE] 2023-12-08 11:00:19.784 [main] XBeanDebug - Resolving type for handle cttablestyles872ftype
[TRACE] 2023-12-08 11:00:19.788 [main] XBeanDebug - Resolving type for handle sstf81fdoctype
[TRACE] 2023-12-08 11:00:19.795 [main] XBeanDebug - Resolving type for handle ctsst44f3type
[TRACE] 2023-12-08 11:00:19.802 [main] XBeanDebug - Resolving type for handle ctrsta472type
[TRACE] 2023-12-08 11:00:19.831 [main] XBeanDebug - Resolving type for handle workbookec17doctype
[TRACE] 2023-12-08 11:00:19.840 [main] XBeanDebug - Resolving type for handle ctworkbook83c3type
[TRACE] 2023-12-08 11:00:19.851 [main] XBeanDebug - Resolving type for handle ctsheets49fdtype
[TRACE] 2023-12-08 11:00:19.855 [main] XBeanDebug - Resolving type for handle ctsheet4dbetype
[TRACE] 2023-12-08 11:00:19.858 [main] XBeanDebug - Resolving type for handle strelationshipid1e94type
[TRACE] 2023-12-08 11:00:19.861 [main] XBeanDebug - Resolving type for handle worksheetf539doctype
[TRACE] 2023-12-08 11:00:19.911 [main] XBeanDebug - Resolving type for handle ctworksheet530dtype
[TRACE] 2023-12-08 11:00:19.929 [main] XBeanDebug - Resolving type for handle ctcols627ctype
[TRACE] 2023-12-08 11:00:19.942 [main] XBeanDebug - Resolving type for handle ctcola95ftype
[TRACE] 2023-12-08 11:00:19.971 [main] XBeanDebug - Resolving type for handle ctsheetdata8408type
[TRACE] 2023-12-08 11:00:19.976 [main] XBeanDebug - Resolving type for handle ctrowdd39type
[TRACE] 2023-12-08 11:00:19.987 [main] XBeanDebug - Resolving type for handle ctcell842btype
[TRACE] 2023-12-08 11:00:19.995 [main] XBeanDebug - Resolving type for handle stcellrefe4e0type
[TRACE] 2023-12-08 11:00:20.120 [main] XBeanDebug - Resolving type for handle ctdefinednamesce48type
[TRACE] 2023-12-08 11:00:20.127 [main] XBeanDebug - Resolving type for handle ctdefinedname9413type
[TRACE] 2023-12-08 11:00:20.137 [main] XBeanDebug - Resolving type for handle stcelltypebf95type
[DEBUG] 2023-12-08 11:00:20.180 [main] PackageRelationshipCollection - Parsing relationship: /xl/_rels/workbook.xml.rels
[DEBUG] 2023-12-08 11:00:20.183 [main] PackageRelationshipCollection - Parsing relationship: /_rels/.rels
